2024-09-23T02:28:16.078+05:30  WARN 30248 --- [Task_Management_System] [HikariPool-1 housekeeper] com.zaxxer.hikari.pool.HikariPool        : HikariPool-1 - Thread starvation or clock leap detected (housekeeper delta=5h41m47s131ms960µs300ns).
2024-09-23T02:38:46.202+05:30  INFO 30248 --- [Task_Management_System] [File Watcher] rtingClassPathChangeChangedEventListener : Restarting due to 1 class path change (0 additions, 0 deletions, 1 modification)
2024-09-23T02:38:46.562+05:30  INFO 30248 --- [Task_Management_System] [Thread-5] j.LocalContainerEntityManagerFactoryBean : Closing JPA EntityManagerFactory for persistence unit 'default'
2024-09-23T02:38:46.605+05:30  INFO 30248 --- [Task_Management_System] [Thread-5] com.zaxxer.hikari.HikariDataSource       : HikariPool-1 - Shutdown initiated...
2024-09-23T02:38:46.632+05:30  INFO 30248 --- [Task_Management_System] [Thread-5] com.zaxxer.hikari.HikariDataSource       : HikariPool-1 - Shutdown completed.
2024-09-23T02:38:46.944+05:30  INFO 30248 --- [Task_Management_System] [restartedMain] c.T.TaskManagementSystemApplication      : Starting TaskManagementSystemApplication using Java 17.0.7 with PID 30248 (C:\Users\SIDDHANT\rucha_java_workspace\Task_Management_System\target\classes started by SIDDHANT in C:\Users\SIDDHANT\rucha_java_workspace\Task_Management_System)
2024-09-23T02:38:46.946+05:30 DEBUG 30248 --- [Task_Management_System] [restartedMain] c.T.TaskManagementSystemApplication      : Running with Spring Boot v3.3.3, Spring v6.1.12
2024-09-23T02:38:46.946+05:30  INFO 30248 --- [Task_Management_System] [restartedMain] c.T.TaskManagementSystemApplication      : No active profile set, falling back to 1 default profile: "default"
2024-09-23T02:38:47.406+05:30  INFO 30248 --- [Task_Management_System] [restartedMain] .s.d.r.c.RepositoryConfigurationDelegate : Bootstrapping Spring Data JPA repositories in DEFAULT mode.
2024-09-23T02:38:47.432+05:30  INFO 30248 --- [Task_Management_System] [restartedMain] .s.d.r.c.RepositoryConfigurationDelegate : Finished Spring Data repository scanning in 25 ms. Found 2 JPA repository interfaces.
2024-09-23T02:38:47.602+05:30  INFO 30248 --- [Task_Management_System] [restartedMain] o.s.b.w.embedded.tomcat.TomcatWebServer  : Tomcat initialized with port 8080 (http)
2024-09-23T02:38:47.603+05:30  INFO 30248 --- [Task_Management_System] [restartedMain] o.apache.catalina.core.StandardService   : Starting service [Tomcat]
2024-09-23T02:38:47.604+05:30  INFO 30248 --- [Task_Management_System] [restartedMain] o.apache.catalina.core.StandardEngine    : Starting Servlet engine: [Apache Tomcat/10.1.28]
2024-09-23T02:38:47.638+05:30  INFO 30248 --- [Task_Management_System] [restartedMain] o.a.c.c.C.[Tomcat].[localhost].[/]       : Initializing Spring embedded WebApplicationContext
2024-09-23T02:38:47.639+05:30  INFO 30248 --- [Task_Management_System] [restartedMain] w.s.c.ServletWebServerApplicationContext : Root WebApplicationContext: initialization completed in 690 ms
2024-09-23T02:38:47.900+05:30 DEBUG 30248 --- [Task_Management_System] [restartedMain] c.T.jwt.JWTAuthenticationFilter          : Filter 'JWTAuthenticationFilter' configured for use
2024-09-23T02:38:47.947+05:30  INFO 30248 --- [Task_Management_System] [restartedMain] o.hibernate.jpa.internal.util.LogHelper  : HHH000204: Processing PersistenceUnitInfo [name: default]
2024-09-23T02:38:47.952+05:30  INFO 30248 --- [Task_Management_System] [restartedMain] o.h.c.internal.RegionFactoryInitiator    : HHH000026: Second-level cache disabled
2024-09-23T02:38:47.971+05:30  INFO 30248 --- [Task_Management_System] [restartedMain] o.s.o.j.p.SpringPersistenceUnitInfo      : No LoadTimeWeaver setup: ignoring JPA class transformer
2024-09-23T02:38:47.974+05:30  INFO 30248 --- [Task_Management_System] [restartedMain] com.zaxxer.hikari.HikariDataSource       : HikariPool-2 - Starting...
2024-09-23T02:38:47.998+05:30  INFO 30248 --- [Task_Management_System] [restartedMain] com.zaxxer.hikari.pool.HikariPool        : HikariPool-2 - Added connection com.mysql.cj.jdbc.ConnectionImpl@30712d4
2024-09-23T02:38:47.998+05:30  INFO 30248 --- [Task_Management_System] [restartedMain] com.zaxxer.hikari.HikariDataSource       : HikariPool-2 - Start completed.
2024-09-23T02:38:48.122+05:30  INFO 30248 --- [Task_Management_System] [restartedMain] o.h.e.t.j.p.i.JtaPlatformInitiator       : HHH000489: No JTA platform available (set 'hibernate.transaction.jta.platform' to enable JTA platform integration)
2024-09-23T02:38:48.359+05:30  INFO 30248 --- [Task_Management_System] [restartedMain] j.LocalContainerEntityManagerFactoryBean : Initialized JPA EntityManagerFactory for persistence unit 'default'
2024-09-23T02:38:48.451+05:30  INFO 30248 --- [Task_Management_System] [restartedMain] r$InitializeUserDetailsManagerConfigurer : Global AuthenticationManager configured with UserDetailsService bean with name userDetailsService
2024-09-23T02:38:48.510+05:30  WARN 30248 --- [Task_Management_System] [restartedMain] JpaBaseConfiguration$JpaWebConfiguration : spring.jpa.open-in-view is enabled by default. Therefore, database queries may be performed during view rendering. Explicitly configure spring.jpa.open-in-view to disable this warning
2024-09-23T02:38:48.706+05:30  INFO 30248 --- [Task_Management_System] [restartedMain] o.s.b.d.a.OptionalLiveReloadServer       : LiveReload server is running on port 35729
2024-09-23T02:38:48.730+05:30  INFO 30248 --- [Task_Management_System] [restartedMain] o.s.b.w.embedded.tomcat.TomcatWebServer  : Tomcat started on port 8080 (http) with context path '/'
2024-09-23T02:38:48.736+05:30  INFO 30248 --- [Task_Management_System] [restartedMain] c.T.TaskManagementSystemApplication      : Started TaskManagementSystemApplication in 1.826 seconds (process running for 23334.359)
2024-09-23T02:38:48.739+05:30  INFO 30248 --- [Task_Management_System] [restartedMain] .ConditionEvaluationDeltaLoggingListener : Condition evaluation unchanged
2024-09-23T02:39:14.415+05:30  INFO 30248 --- [Task_Management_System] [File Watcher] rtingClassPathChangeChangedEventListener : Restarting due to 1 class path change (0 additions, 0 deletions, 1 modification)
2024-09-23T02:39:14.617+05:30  INFO 30248 --- [Task_Management_System] [Thread-7] j.LocalContainerEntityManagerFactoryBean : Closing JPA EntityManagerFactory for persistence unit 'default'
2024-09-23T02:39:14.619+05:30  INFO 30248 --- [Task_Management_System] [Thread-7] com.zaxxer.hikari.HikariDataSource       : HikariPool-2 - Shutdown initiated...
2024-09-23T02:39:14.630+05:30  INFO 30248 --- [Task_Management_System] [Thread-7] com.zaxxer.hikari.HikariDataSource       : HikariPool-2 - Shutdown completed.
2024-09-23T02:39:14.734+05:30  INFO 30248 --- [Task_Management_System] [restartedMain] c.T.TaskManagementSystemApplication      : Starting TaskManagementSystemApplication using Java 17.0.7 with PID 30248 (C:\Users\SIDDHANT\rucha_java_workspace\Task_Management_System\target\classes started by SIDDHANT in C:\Users\SIDDHANT\rucha_java_workspace\Task_Management_System)
2024-09-23T02:39:14.735+05:30 DEBUG 30248 --- [Task_Management_System] [restartedMain] c.T.TaskManagementSystemApplication      : Running with Spring Boot v3.3.3, Spring v6.1.12
2024-09-23T02:39:14.735+05:30  INFO 30248 --- [Task_Management_System] [restartedMain] c.T.TaskManagementSystemApplication      : No active profile set, falling back to 1 default profile: "default"
2024-09-23T02:39:15.058+05:30  INFO 30248 --- [Task_Management_System] [restartedMain] .s.d.r.c.RepositoryConfigurationDelegate : Bootstrapping Spring Data JPA repositories in DEFAULT mode.
2024-09-23T02:39:15.073+05:30  INFO 30248 --- [Task_Management_System] [restartedMain] .s.d.r.c.RepositoryConfigurationDelegate : Finished Spring Data repository scanning in 14 ms. Found 2 JPA repository interfaces.
2024-09-23T02:39:15.185+05:30  INFO 30248 --- [Task_Management_System] [restartedMain] o.s.b.w.embedded.tomcat.TomcatWebServer  : Tomcat initialized with port 8080 (http)
2024-09-23T02:39:15.194+05:30  INFO 30248 --- [Task_Management_System] [restartedMain] o.apache.catalina.core.StandardService   : Starting service [Tomcat]
2024-09-23T02:39:15.196+05:30  INFO 30248 --- [Task_Management_System] [restartedMain] o.apache.catalina.core.StandardEngine    : Starting Servlet engine: [Apache Tomcat/10.1.28]
2024-09-23T02:39:15.225+05:30  INFO 30248 --- [Task_Management_System] [restartedMain] o.a.c.c.C.[Tomcat].[localhost].[/]       : Initializing Spring embedded WebApplicationContext
2024-09-23T02:39:15.225+05:30  INFO 30248 --- [Task_Management_System] [restartedMain] w.s.c.ServletWebServerApplicationContext : Root WebApplicationContext: initialization completed in 487 ms
2024-09-23T02:39:15.514+05:30 DEBUG 30248 --- [Task_Management_System] [restartedMain] c.T.jwt.JWTAuthenticationFilter          : Filter 'JWTAuthenticationFilter' configured for use
2024-09-23T02:39:15.546+05:30  INFO 30248 --- [Task_Management_System] [restartedMain] o.hibernate.jpa.internal.util.LogHelper  : HHH000204: Processing PersistenceUnitInfo [name: default]
2024-09-23T02:39:15.549+05:30  INFO 30248 --- [Task_Management_System] [restartedMain] o.h.c.internal.RegionFactoryInitiator    : HHH000026: Second-level cache disabled
2024-09-23T02:39:15.561+05:30  INFO 30248 --- [Task_Management_System] [restartedMain] o.s.o.j.p.SpringPersistenceUnitInfo      : No LoadTimeWeaver setup: ignoring JPA class transformer
2024-09-23T02:39:15.563+05:30  INFO 30248 --- [Task_Management_System] [restartedMain] com.zaxxer.hikari.HikariDataSource       : HikariPool-3 - Starting...
2024-09-23T02:39:15.580+05:30  INFO 30248 --- [Task_Management_System] [restartedMain] com.zaxxer.hikari.pool.HikariPool        : HikariPool-3 - Added connection com.mysql.cj.jdbc.ConnectionImpl@3bdef74
2024-09-23T02:39:15.581+05:30  INFO 30248 --- [Task_Management_System] [restartedMain] com.zaxxer.hikari.HikariDataSource       : HikariPool-3 - Start completed.
2024-09-23T02:39:15.664+05:30  INFO 30248 --- [Task_Management_System] [restartedMain] o.h.e.t.j.p.i.JtaPlatformInitiator       : HHH000489: No JTA platform available (set 'hibernate.transaction.jta.platform' to enable JTA platform integration)
2024-09-23T02:39:15.726+05:30  INFO 30248 --- [Task_Management_System] [restartedMain] j.LocalContainerEntityManagerFactoryBean : Initialized JPA EntityManagerFactory for persistence unit 'default'
2024-09-23T02:39:15.790+05:30  INFO 30248 --- [Task_Management_System] [restartedMain] r$InitializeUserDetailsManagerConfigurer : Global AuthenticationManager configured with UserDetailsService bean with name userDetailsService
2024-09-23T02:39:15.833+05:30  WARN 30248 --- [Task_Management_System] [restartedMain] JpaBaseConfiguration$JpaWebConfiguration : spring.jpa.open-in-view is enabled by default. Therefore, database queries may be performed during view rendering. Explicitly configure spring.jpa.open-in-view to disable this warning
2024-09-23T02:39:16.037+05:30  INFO 30248 --- [Task_Management_System] [restartedMain] o.s.b.d.a.OptionalLiveReloadServer       : LiveReload server is running on port 35729
2024-09-23T02:39:16.059+05:30  INFO 30248 --- [Task_Management_System] [restartedMain] o.s.b.w.embedded.tomcat.TomcatWebServer  : Tomcat started on port 8080 (http) with context path '/'
2024-09-23T02:39:16.067+05:30  INFO 30248 --- [Task_Management_System] [restartedMain] c.T.TaskManagementSystemApplication      : Started TaskManagementSystemApplication in 1.366 seconds (process running for 23361.689)
2024-09-23T02:39:16.069+05:30  INFO 30248 --- [Task_Management_System] [restartedMain] .ConditionEvaluationDeltaLoggingListener : Condition evaluation unchanged
2024-09-23T02:40:10.906+05:30  INFO 30248 --- [Task_Management_System] [RMI TCP Connection(34)-127.0.0.1] inMXBeanRegistrar$SpringApplicationAdmin : Application shutdown requested.
2024-09-23T02:40:11.093+05:30  INFO 30248 --- [Task_Management_System] [RMI TCP Connection(34)-127.0.0.1] j.LocalContainerEntityManagerFactoryBean : Closing JPA EntityManagerFactory for persistence unit 'default'
2024-09-23T02:40:11.094+05:30  INFO 30248 --- [Task_Management_System] [RMI TCP Connection(34)-127.0.0.1] com.zaxxer.hikari.HikariDataSource       : HikariPool-3 - Shutdown initiated...
2024-09-23T02:40:11.105+05:30  INFO 30248 --- [Task_Management_System] [RMI TCP Connection(34)-127.0.0.1] com.zaxxer.hikari.HikariDataSource       : HikariPool-3 - Shutdown completed.
2024-09-23T02:40:15.465+05:30  INFO 25852 --- [Task_Management_System] [restartedMain] c.T.TaskManagementSystemApplication      : Starting TaskManagementSystemApplication using Java 17.0.7 with PID 25852 (C:\Users\SIDDHANT\rucha_java_workspace\Task_Management_System\target\classes started by SIDDHANT in C:\Users\SIDDHANT\rucha_java_workspace\Task_Management_System)
2024-09-23T02:40:15.469+05:30 DEBUG 25852 --- [Task_Management_System] [restartedMain] c.T.TaskManagementSystemApplication      : Running with Spring Boot v3.3.3, Spring v6.1.12
2024-09-23T02:40:15.470+05:30  INFO 25852 --- [Task_Management_System] [restartedMain] c.T.TaskManagementSystemApplication      : No active profile set, falling back to 1 default profile: "default"
2024-09-23T02:40:15.553+05:30  INFO 25852 --- [Task_Management_System] [restartedMain] .e.DevToolsPropertyDefaultsPostProcessor : Devtools property defaults active! Set 'spring.devtools.add-properties' to 'false' to disable
2024-09-23T02:40:15.554+05:30  INFO 25852 --- [Task_Management_System] [restartedMain] .e.DevToolsPropertyDefaultsPostProcessor : For additional web related logging consider setting the 'logging.level.web' property to 'DEBUG'
2024-09-23T02:40:16.785+05:30  INFO 25852 --- [Task_Management_System] [restartedMain] .s.d.r.c.RepositoryConfigurationDelegate : Bootstrapping Spring Data JPA repositories in DEFAULT mode.
2024-09-23T02:40:16.868+05:30  INFO 25852 --- [Task_Management_System] [restartedMain] .s.d.r.c.RepositoryConfigurationDelegate : Finished Spring Data repository scanning in 72 ms. Found 2 JPA repository interfaces.
2024-09-23T02:40:17.627+05:30  INFO 25852 --- [Task_Management_System] [restartedMain] o.s.b.w.embedded.tomcat.TomcatWebServer  : Tomcat initialized with port 8080 (http)
2024-09-23T02:40:17.654+05:30  INFO 25852 --- [Task_Management_System] [restartedMain] o.apache.catalina.core.StandardService   : Starting service [Tomcat]
2024-09-23T02:40:17.655+05:30  INFO 25852 --- [Task_Management_System] [restartedMain] o.apache.catalina.core.StandardEngine    : Starting Servlet engine: [Apache Tomcat/10.1.28]
2024-09-23T02:40:17.748+05:30  INFO 25852 --- [Task_Management_System] [restartedMain] o.a.c.c.C.[Tomcat].[localhost].[/]       : Initializing Spring embedded WebApplicationContext
2024-09-23T02:40:17.749+05:30  INFO 25852 --- [Task_Management_System] [restartedMain] w.s.c.ServletWebServerApplicationContext : Root WebApplicationContext: initialization completed in 2194 ms
2024-09-23T02:40:18.074+05:30 DEBUG 25852 --- [Task_Management_System] [restartedMain] c.T.jwt.JWTAuthenticationFilter          : Filter 'JWTAuthenticationFilter' configured for use
2024-09-23T02:40:18.214+05:30  INFO 25852 --- [Task_Management_System] [restartedMain] o.hibernate.jpa.internal.util.LogHelper  : HHH000204: Processing PersistenceUnitInfo [name: default]
2024-09-23T02:40:18.316+05:30  INFO 25852 --- [Task_Management_System] [restartedMain] org.hibernate.Version                    : HHH000412: Hibernate ORM core version 6.5.2.Final
2024-09-23T02:40:18.370+05:30  INFO 25852 --- [Task_Management_System] [restartedMain] o.h.c.internal.RegionFactoryInitiator    : HHH000026: Second-level cache disabled
2024-09-23T02:40:18.824+05:30  INFO 25852 --- [Task_Management_System] [restartedMain] o.s.o.j.p.SpringPersistenceUnitInfo      : No LoadTimeWeaver setup: ignoring JPA class transformer
2024-09-23T02:40:18.876+05:30  INFO 25852 --- [Task_Management_System] [restartedMain] com.zaxxer.hikari.HikariDataSource       : HikariPool-1 - Starting...
2024-09-23T02:40:19.277+05:30  INFO 25852 --- [Task_Management_System] [restartedMain] com.zaxxer.hikari.pool.HikariPool        : HikariPool-1 - Added connection com.mysql.cj.jdbc.ConnectionImpl@2dd8b5b3
2024-09-23T02:40:19.280+05:30  INFO 25852 --- [Task_Management_System] [restartedMain] com.zaxxer.hikari.HikariDataSource       : HikariPool-1 - Start completed.
2024-09-23T02:40:20.729+05:30  INFO 25852 --- [Task_Management_System] [restartedMain] o.h.e.t.j.p.i.JtaPlatformInitiator       : HHH000489: No JTA platform available (set 'hibernate.transaction.jta.platform' to enable JTA platform integration)
2024-09-23T02:40:20.822+05:30  INFO 25852 --- [Task_Management_System] [restartedMain] j.LocalContainerEntityManagerFactoryBean : Initialized JPA EntityManagerFactory for persistence unit 'default'
2024-09-23T02:40:21.171+05:30  INFO 25852 --- [Task_Management_System] [restartedMain] r$InitializeUserDetailsManagerConfigurer : Global AuthenticationManager configured with UserDetailsService bean with name userDetailsService
2024-09-23T02:40:21.346+05:30  WARN 25852 --- [Task_Management_System] [restartedMain] JpaBaseConfiguration$JpaWebConfiguration : spring.jpa.open-in-view is enabled by default. Therefore, database queries may be performed during view rendering. Explicitly configure spring.jpa.open-in-view to disable this warning
2024-09-23T02:40:22.041+05:30  INFO 25852 --- [Task_Management_System] [restartedMain] o.s.b.d.a.OptionalLiveReloadServer       : LiveReload server is running on port 35729
2024-09-23T02:40:22.115+05:30  INFO 25852 --- [Task_Management_System] [restartedMain] o.s.b.w.embedded.tomcat.TomcatWebServer  : Tomcat started on port 8080 (http) with context path '/'
2024-09-23T02:40:22.138+05:30  INFO 25852 --- [Task_Management_System] [restartedMain] c.T.TaskManagementSystemApplication      : Started TaskManagementSystemApplication in 7.475 seconds (process running for 8.732)
2024-09-23T02:41:30.511+05:30  INFO 25852 --- [Task_Management_System] [File Watcher] rtingClassPathChangeChangedEventListener : Restarting due to 1 class path change (0 additions, 0 deletions, 1 modification)
2024-09-23T02:41:30.725+05:30  INFO 25852 --- [Task_Management_System] [Thread-5] j.LocalContainerEntityManagerFactoryBean : Closing JPA EntityManagerFactory for persistence unit 'default'
2024-09-23T02:41:30.729+05:30  INFO 25852 --- [Task_Management_System] [Thread-5] com.zaxxer.hikari.HikariDataSource       : HikariPool-1 - Shutdown initiated...
2024-09-23T02:41:30.743+05:30  INFO 25852 --- [Task_Management_System] [Thread-5] com.zaxxer.hikari.HikariDataSource       : HikariPool-1 - Shutdown completed.
2024-09-23T02:41:30.847+05:30  INFO 25852 --- [Task_Management_System] [restartedMain] c.T.TaskManagementSystemApplication      : Starting TaskManagementSystemApplication using Java 17.0.7 with PID 25852 (C:\Users\SIDDHANT\rucha_java_workspace\Task_Management_System\target\classes started by SIDDHANT in C:\Users\SIDDHANT\rucha_java_workspace\Task_Management_System)
2024-09-23T02:41:30.847+05:30 DEBUG 25852 --- [Task_Management_System] [restartedMain] c.T.TaskManagementSystemApplication      : Running with Spring Boot v3.3.3, Spring v6.1.12
2024-09-23T02:41:30.847+05:30  INFO 25852 --- [Task_Management_System] [restartedMain] c.T.TaskManagementSystemApplication      : No active profile set, falling back to 1 default profile: "default"
2024-09-23T02:41:31.139+05:30  INFO 25852 --- [Task_Management_System] [restartedMain] .s.d.r.c.RepositoryConfigurationDelegate : Bootstrapping Spring Data JPA repositories in DEFAULT mode.
2024-09-23T02:41:31.180+05:30  INFO 25852 --- [Task_Management_System] [restartedMain] .s.d.r.c.RepositoryConfigurationDelegate : Finished Spring Data repository scanning in 40 ms. Found 2 JPA repository interfaces.
2024-09-23T02:41:31.299+05:30  INFO 25852 --- [Task_Management_System] [restartedMain] o.s.b.w.embedded.tomcat.TomcatWebServer  : Tomcat initialized with port 8080 (http)
2024-09-23T02:41:31.300+05:30  INFO 25852 --- [Task_Management_System] [restartedMain] o.apache.catalina.core.StandardService   : Starting service [Tomcat]
2024-09-23T02:41:31.301+05:30  INFO 25852 --- [Task_Management_System] [restartedMain] o.apache.catalina.core.StandardEngine    : Starting Servlet engine: [Apache Tomcat/10.1.28]
2024-09-23T02:41:31.342+05:30  INFO 25852 --- [Task_Management_System] [restartedMain] o.a.c.c.C.[Tomcat].[localhost].[/]       : Initializing Spring embedded WebApplicationContext
2024-09-23T02:41:31.343+05:30  INFO 25852 --- [Task_Management_System] [restartedMain] w.s.c.ServletWebServerApplicationContext : Root WebApplicationContext: initialization completed in 493 ms
2024-09-23T02:41:31.589+05:30 DEBUG 25852 --- [Task_Management_System] [restartedMain] c.T.jwt.JWTAuthenticationFilter          : Filter 'JWTAuthenticationFilter' configured for use
2024-09-23T02:41:31.631+05:30  INFO 25852 --- [Task_Management_System] [restartedMain] o.hibernate.jpa.internal.util.LogHelper  : HHH000204: Processing PersistenceUnitInfo [name: default]
2024-09-23T02:41:31.636+05:30  INFO 25852 --- [Task_Management_System] [restartedMain] o.h.c.internal.RegionFactoryInitiator    : HHH000026: Second-level cache disabled
2024-09-23T02:41:31.652+05:30  INFO 25852 --- [Task_Management_System] [restartedMain] o.s.o.j.p.SpringPersistenceUnitInfo      : No LoadTimeWeaver setup: ignoring JPA class transformer
2024-09-23T02:41:31.653+05:30  INFO 25852 --- [Task_Management_System] [restartedMain] com.zaxxer.hikari.HikariDataSource       : HikariPool-2 - Starting...
2024-09-23T02:41:31.675+05:30  INFO 25852 --- [Task_Management_System] [restartedMain] com.zaxxer.hikari.pool.HikariPool        : HikariPool-2 - Added connection com.mysql.cj.jdbc.ConnectionImpl@7438dc4b
2024-09-23T02:41:31.675+05:30  INFO 25852 --- [Task_Management_System] [restartedMain] com.zaxxer.hikari.HikariDataSource       : HikariPool-2 - Start completed.
2024-09-23T02:41:31.751+05:30  INFO 25852 --- [Task_Management_System] [restartedMain] o.h.e.t.j.p.i.JtaPlatformInitiator       : HHH000489: No JTA platform available (set 'hibernate.transaction.jta.platform' to enable JTA platform integration)
2024-09-23T02:41:31.777+05:30  INFO 25852 --- [Task_Management_System] [restartedMain] j.LocalContainerEntityManagerFactoryBean : Initialized JPA EntityManagerFactory for persistence unit 'default'
2024-09-23T02:41:31.849+05:30  INFO 25852 --- [Task_Management_System] [restartedMain] r$InitializeUserDetailsManagerConfigurer : Global AuthenticationManager configured with UserDetailsService bean with name userDetailsService
2024-09-23T02:41:31.886+05:30  WARN 25852 --- [Task_Management_System] [restartedMain] JpaBaseConfiguration$JpaWebConfiguration : spring.jpa.open-in-view is enabled by default. Therefore, database queries may be performed during view rendering. Explicitly configure spring.jpa.open-in-view to disable this warning
2024-09-23T02:41:32.052+05:30  INFO 25852 --- [Task_Management_System] [restartedMain] o.s.b.d.a.OptionalLiveReloadServer       : LiveReload server is running on port 35729
2024-09-23T02:41:32.074+05:30  INFO 25852 --- [Task_Management_System] [restartedMain] o.s.b.w.embedded.tomcat.TomcatWebServer  : Tomcat started on port 8080 (http) with context path '/'
2024-09-23T02:41:32.082+05:30  INFO 25852 --- [Task_Management_System] [restartedMain] c.T.TaskManagementSystemApplication      : Started TaskManagementSystemApplication in 1.273 seconds (process running for 78.676)
2024-09-23T02:41:32.085+05:30  INFO 25852 --- [Task_Management_System] [restartedMain] .ConditionEvaluationDeltaLoggingListener : Condition evaluation unchanged
2024-09-23T02:42:03.147+05:30  INFO 25852 --- [Task_Management_System] [File Watcher] rtingClassPathChangeChangedEventListener : Restarting due to 1 class path change (0 additions, 0 deletions, 1 modification)
2024-09-23T02:42:03.397+05:30  INFO 25852 --- [Task_Management_System] [Thread-7] j.LocalContainerEntityManagerFactoryBean : Closing JPA EntityManagerFactory for persistence unit 'default'
2024-09-23T02:42:03.398+05:30  INFO 25852 --- [Task_Management_System] [Thread-7] com.zaxxer.hikari.HikariDataSource       : HikariPool-2 - Shutdown initiated...
2024-09-23T02:42:03.412+05:30  INFO 25852 --- [Task_Management_System] [Thread-7] com.zaxxer.hikari.HikariDataSource       : HikariPool-2 - Shutdown completed.
2024-09-23T02:42:03.529+05:30  INFO 25852 --- [Task_Management_System] [restartedMain] c.T.TaskManagementSystemApplication      : Starting TaskManagementSystemApplication using Java 17.0.7 with PID 25852 (C:\Users\SIDDHANT\rucha_java_workspace\Task_Management_System\target\classes started by SIDDHANT in C:\Users\SIDDHANT\rucha_java_workspace\Task_Management_System)
2024-09-23T02:42:03.530+05:30 DEBUG 25852 --- [Task_Management_System] [restartedMain] c.T.TaskManagementSystemApplication      : Running with Spring Boot v3.3.3, Spring v6.1.12
2024-09-23T02:42:03.530+05:30  INFO 25852 --- [Task_Management_System] [restartedMain] c.T.TaskManagementSystemApplication      : No active profile set, falling back to 1 default profile: "default"
2024-09-23T02:42:03.772+05:30  INFO 25852 --- [Task_Management_System] [restartedMain] .s.d.r.c.RepositoryConfigurationDelegate : Bootstrapping Spring Data JPA repositories in DEFAULT mode.
2024-09-23T02:42:03.797+05:30  INFO 25852 --- [Task_Management_System] [restartedMain] .s.d.r.c.RepositoryConfigurationDelegate : Finished Spring Data repository scanning in 24 ms. Found 2 JPA repository interfaces.
2024-09-23T02:42:03.908+05:30  INFO 25852 --- [Task_Management_System] [restartedMain] o.s.b.w.embedded.tomcat.TomcatWebServer  : Tomcat initialized with port 8080 (http)
2024-09-23T02:42:03.909+05:30  INFO 25852 --- [Task_Management_System] [restartedMain] o.apache.catalina.core.StandardService   : Starting service [Tomcat]
2024-09-23T02:42:03.910+05:30  INFO 25852 --- [Task_Management_System] [restartedMain] o.apache.catalina.core.StandardEngine    : Starting Servlet engine: [Apache Tomcat/10.1.28]
2024-09-23T02:42:03.949+05:30  INFO 25852 --- [Task_Management_System] [restartedMain] o.a.c.c.C.[Tomcat].[localhost].[/]       : Initializing Spring embedded WebApplicationContext
2024-09-23T02:42:03.950+05:30  INFO 25852 --- [Task_Management_System] [restartedMain] w.s.c.ServletWebServerApplicationContext : Root WebApplicationContext: initialization completed in 417 ms
2024-09-23T02:42:04.191+05:30 DEBUG 25852 --- [Task_Management_System] [restartedMain] c.T.jwt.JWTAuthenticationFilter          : Filter 'JWTAuthenticationFilter' configured for use
2024-09-23T02:42:04.234+05:30  INFO 25852 --- [Task_Management_System] [restartedMain] o.hibernate.jpa.internal.util.LogHelper  : HHH000204: Processing PersistenceUnitInfo [name: default]
2024-09-23T02:42:04.238+05:30  INFO 25852 --- [Task_Management_System] [restartedMain] o.h.c.internal.RegionFactoryInitiator    : HHH000026: Second-level cache disabled
2024-09-23T02:42:04.250+05:30  INFO 25852 --- [Task_Management_System] [restartedMain] o.s.o.j.p.SpringPersistenceUnitInfo      : No LoadTimeWeaver setup: ignoring JPA class transformer
2024-09-23T02:42:04.251+05:30  INFO 25852 --- [Task_Management_System] [restartedMain] com.zaxxer.hikari.HikariDataSource       : HikariPool-3 - Starting...
2024-09-23T02:42:04.268+05:30  INFO 25852 --- [Task_Management_System] [restartedMain] com.zaxxer.hikari.pool.HikariPool        : HikariPool-3 - Added connection com.mysql.cj.jdbc.ConnectionImpl@3b75b959
2024-09-23T02:42:04.268+05:30  INFO 25852 --- [Task_Management_System] [restartedMain] com.zaxxer.hikari.HikariDataSource       : HikariPool-3 - Start completed.
2024-09-23T02:42:04.342+05:30  INFO 25852 --- [Task_Management_System] [restartedMain] o.h.e.t.j.p.i.JtaPlatformInitiator       : HHH000489: No JTA platform available (set 'hibernate.transaction.jta.platform' to enable JTA platform integration)
2024-09-23T02:42:04.367+05:30  INFO 25852 --- [Task_Management_System] [restartedMain] j.LocalContainerEntityManagerFactoryBean : Initialized JPA EntityManagerFactory for persistence unit 'default'
2024-09-23T02:42:04.434+05:30  INFO 25852 --- [Task_Management_System] [restartedMain] r$InitializeUserDetailsManagerConfigurer : Global AuthenticationManager configured with UserDetailsService bean with name userDetailsService
2024-09-23T02:42:04.479+05:30  WARN 25852 --- [Task_Management_System] [restartedMain] JpaBaseConfiguration$JpaWebConfiguration : spring.jpa.open-in-view is enabled by default. Therefore, database queries may be performed during view rendering. Explicitly configure spring.jpa.open-in-view to disable this warning
2024-09-23T02:42:04.631+05:30  INFO 25852 --- [Task_Management_System] [restartedMain] o.s.b.d.a.OptionalLiveReloadServer       : LiveReload server is running on port 35729
2024-09-23T02:42:04.651+05:30  INFO 25852 --- [Task_Management_System] [restartedMain] o.s.b.w.embedded.tomcat.TomcatWebServer  : Tomcat started on port 8080 (http) with context path '/'
2024-09-23T02:42:04.658+05:30  INFO 25852 --- [Task_Management_System] [restartedMain] c.T.TaskManagementSystemApplication      : Started TaskManagementSystemApplication in 1.172 seconds (process running for 111.251)
2024-09-23T02:42:04.660+05:30  INFO 25852 --- [Task_Management_System] [restartedMain] .ConditionEvaluationDeltaLoggingListener : Condition evaluation unchanged
2024-09-23T02:42:41.220+05:30  INFO 25852 --- [Task_Management_System] [File Watcher] rtingClassPathChangeChangedEventListener : Restarting due to 1 class path change (0 additions, 0 deletions, 1 modification)
2024-09-23T02:42:41.513+05:30  INFO 25852 --- [Task_Management_System] [Thread-11] j.LocalContainerEntityManagerFactoryBean : Closing JPA EntityManagerFactory for persistence unit 'default'
2024-09-23T02:42:41.514+05:30  INFO 25852 --- [Task_Management_System] [Thread-11] com.zaxxer.hikari.HikariDataSource       : HikariPool-3 - Shutdown initiated...
2024-09-23T02:42:41.526+05:30  INFO 25852 --- [Task_Management_System] [Thread-11] com.zaxxer.hikari.HikariDataSource       : HikariPool-3 - Shutdown completed.
2024-09-23T02:42:41.625+05:30  INFO 25852 --- [Task_Management_System] [restartedMain] c.T.TaskManagementSystemApplication      : Starting TaskManagementSystemApplication using Java 17.0.7 with PID 25852 (C:\Users\SIDDHANT\rucha_java_workspace\Task_Management_System\target\classes started by SIDDHANT in C:\Users\SIDDHANT\rucha_java_workspace\Task_Management_System)
2024-09-23T02:42:41.625+05:30 DEBUG 25852 --- [Task_Management_System] [restartedMain] c.T.TaskManagementSystemApplication      : Running with Spring Boot v3.3.3, Spring v6.1.12
2024-09-23T02:42:41.625+05:30  INFO 25852 --- [Task_Management_System] [restartedMain] c.T.TaskManagementSystemApplication      : No active profile set, falling back to 1 default profile: "default"
2024-09-23T02:42:41.889+05:30  INFO 25852 --- [Task_Management_System] [restartedMain] .s.d.r.c.RepositoryConfigurationDelegate : Bootstrapping Spring Data JPA repositories in DEFAULT mode.
2024-09-23T02:42:41.906+05:30  INFO 25852 --- [Task_Management_System] [restartedMain] .s.d.r.c.RepositoryConfigurationDelegate : Finished Spring Data repository scanning in 16 ms. Found 2 JPA repository interfaces.
2024-09-23T02:42:42.042+05:30  INFO 25852 --- [Task_Management_System] [restartedMain] o.s.b.w.embedded.tomcat.TomcatWebServer  : Tomcat initialized with port 8080 (http)
2024-09-23T02:42:42.043+05:30  INFO 25852 --- [Task_Management_System] [restartedMain] o.apache.catalina.core.StandardService   : Starting service [Tomcat]
2024-09-23T02:42:42.043+05:30  INFO 25852 --- [Task_Management_System] [restartedMain] o.apache.catalina.core.StandardEngine    : Starting Servlet engine: [Apache Tomcat/10.1.28]
2024-09-23T02:42:42.076+05:30  INFO 25852 --- [Task_Management_System] [restartedMain] o.a.c.c.C.[Tomcat].[localhost].[/]       : Initializing Spring embedded WebApplicationContext
2024-09-23T02:42:42.076+05:30  INFO 25852 --- [Task_Management_System] [restartedMain] w.s.c.ServletWebServerApplicationContext : Root WebApplicationContext: initialization completed in 449 ms
2024-09-23T02:42:42.349+05:30 DEBUG 25852 --- [Task_Management_System] [restartedMain] c.T.jwt.JWTAuthenticationFilter          : Filter 'JWTAuthenticationFilter' configured for use
2024-09-23T02:42:42.375+05:30  INFO 25852 --- [Task_Management_System] [restartedMain] o.hibernate.jpa.internal.util.LogHelper  : HHH000204: Processing PersistenceUnitInfo [name: default]
2024-09-23T02:42:42.379+05:30  INFO 25852 --- [Task_Management_System] [restartedMain] o.h.c.internal.RegionFactoryInitiator    : HHH000026: Second-level cache disabled
2024-09-23T02:42:42.389+05:30  INFO 25852 --- [Task_Management_System] [restartedMain] o.s.o.j.p.SpringPersistenceUnitInfo      : No LoadTimeWeaver setup: ignoring JPA class transformer
2024-09-23T02:42:42.390+05:30  INFO 25852 --- [Task_Management_System] [restartedMain] com.zaxxer.hikari.HikariDataSource       : HikariPool-4 - Starting...
2024-09-23T02:42:42.404+05:30  INFO 25852 --- [Task_Management_System] [restartedMain] com.zaxxer.hikari.pool.HikariPool        : HikariPool-4 - Added connection com.mysql.cj.jdbc.ConnectionImpl@27da9ac0
2024-09-23T02:42:42.404+05:30  INFO 25852 --- [Task_Management_System] [restartedMain] com.zaxxer.hikari.HikariDataSource       : HikariPool-4 - Start completed.
2024-09-23T02:42:42.465+05:30  INFO 25852 --- [Task_Management_System] [restartedMain] o.h.e.t.j.p.i.JtaPlatformInitiator       : HHH000489: No JTA platform available (set 'hibernate.transaction.jta.platform' to enable JTA platform integration)
2024-09-23T02:42:42.494+05:30  INFO 25852 --- [Task_Management_System] [restartedMain] j.LocalContainerEntityManagerFactoryBean : Initialized JPA EntityManagerFactory for persistence unit 'default'
2024-09-23T02:42:42.558+05:30  INFO 25852 --- [Task_Management_System] [restartedMain] r$InitializeUserDetailsManagerConfigurer : Global AuthenticationManager configured with UserDetailsService bean with name userDetailsService
2024-09-23T02:42:42.595+05:30  WARN 25852 --- [Task_Management_System] [restartedMain] JpaBaseConfiguration$JpaWebConfiguration : spring.jpa.open-in-view is enabled by default. Therefore, database queries may be performed during view rendering. Explicitly configure spring.jpa.open-in-view to disable this warning
2024-09-23T02:42:42.741+05:30  INFO 25852 --- [Task_Management_System] [restartedMain] o.s.b.d.a.OptionalLiveReloadServer       : LiveReload server is running on port 35729
2024-09-23T02:42:42.762+05:30  INFO 25852 --- [Task_Management_System] [restartedMain] o.s.b.w.embedded.tomcat.TomcatWebServer  : Tomcat started on port 8080 (http) with context path '/'
2024-09-23T02:42:42.778+05:30  INFO 25852 --- [Task_Management_System] [restartedMain] c.T.TaskManagementSystemApplication      : Started TaskManagementSystemApplication in 1.196 seconds (process running for 149.372)
2024-09-23T02:42:42.780+05:30  INFO 25852 --- [Task_Management_System] [restartedMain] .ConditionEvaluationDeltaLoggingListener : Condition evaluation unchanged
2024-09-23T02:42:53.467+05:30  INFO 25852 --- [Task_Management_System] [File Watcher] rtingClassPathChangeChangedEventListener : Restarting due to 1 class path change (0 additions, 0 deletions, 1 modification)
2024-09-23T02:42:53.682+05:30  INFO 25852 --- [Task_Management_System] [Thread-15] j.LocalContainerEntityManagerFactoryBean : Closing JPA EntityManagerFactory for persistence unit 'default'
2024-09-23T02:42:53.682+05:30  INFO 25852 --- [Task_Management_System] [Thread-15] com.zaxxer.hikari.HikariDataSource       : HikariPool-4 - Shutdown initiated...
2024-09-23T02:42:53.695+05:30  INFO 25852 --- [Task_Management_System] [Thread-15] com.zaxxer.hikari.HikariDataSource       : HikariPool-4 - Shutdown completed.
2024-09-23T02:42:53.801+05:30  INFO 25852 --- [Task_Management_System] [restartedMain] c.T.TaskManagementSystemApplication      : Starting TaskManagementSystemApplication using Java 17.0.7 with PID 25852 (C:\Users\SIDDHANT\rucha_java_workspace\Task_Management_System\target\classes started by SIDDHANT in C:\Users\SIDDHANT\rucha_java_workspace\Task_Management_System)
2024-09-23T02:42:53.802+05:30 DEBUG 25852 --- [Task_Management_System] [restartedMain] c.T.TaskManagementSystemApplication      : Running with Spring Boot v3.3.3, Spring v6.1.12
2024-09-23T02:42:53.802+05:30  INFO 25852 --- [Task_Management_System] [restartedMain] c.T.TaskManagementSystemApplication      : No active profile set, falling back to 1 default profile: "default"
2024-09-23T02:42:54.029+05:30  INFO 25852 --- [Task_Management_System] [restartedMain] .s.d.r.c.RepositoryConfigurationDelegate : Bootstrapping Spring Data JPA repositories in DEFAULT mode.
2024-09-23T02:42:54.044+05:30  INFO 25852 --- [Task_Management_System] [restartedMain] .s.d.r.c.RepositoryConfigurationDelegate : Finished Spring Data repository scanning in 14 ms. Found 2 JPA repository interfaces.
2024-09-23T02:42:54.148+05:30  INFO 25852 --- [Task_Management_System] [restartedMain] o.s.b.w.embedded.tomcat.TomcatWebServer  : Tomcat initialized with port 8080 (http)
2024-09-23T02:42:54.149+05:30  INFO 25852 --- [Task_Management_System] [restartedMain] o.apache.catalina.core.StandardService   : Starting service [Tomcat]
2024-09-23T02:42:54.150+05:30  INFO 25852 --- [Task_Management_System] [restartedMain] o.apache.catalina.core.StandardEngine    : Starting Servlet engine: [Apache Tomcat/10.1.28]
2024-09-23T02:42:54.184+05:30  INFO 25852 --- [Task_Management_System] [restartedMain] o.a.c.c.C.[Tomcat].[localhost].[/]       : Initializing Spring embedded WebApplicationContext
2024-09-23T02:42:54.184+05:30  INFO 25852 --- [Task_Management_System] [restartedMain] w.s.c.ServletWebServerApplicationContext : Root WebApplicationContext: initialization completed in 381 ms
2024-09-23T02:42:54.461+05:30 DEBUG 25852 --- [Task_Management_System] [restartedMain] c.T.jwt.JWTAuthenticationFilter          : Filter 'JWTAuthenticationFilter' configured for use
2024-09-23T02:42:54.490+05:30  INFO 25852 --- [Task_Management_System] [restartedMain] o.hibernate.jpa.internal.util.LogHelper  : HHH000204: Processing PersistenceUnitInfo [name: default]
2024-09-23T02:42:54.494+05:30  INFO 25852 --- [Task_Management_System] [restartedMain] o.h.c.internal.RegionFactoryInitiator    : HHH000026: Second-level cache disabled
2024-09-23T02:42:54.508+05:30  INFO 25852 --- [Task_Management_System] [restartedMain] o.s.o.j.p.SpringPersistenceUnitInfo      : No LoadTimeWeaver setup: ignoring JPA class transformer
2024-09-23T02:42:54.510+05:30  INFO 25852 --- [Task_Management_System] [restartedMain] com.zaxxer.hikari.HikariDataSource       : HikariPool-5 - Starting...
2024-09-23T02:42:54.528+05:30  INFO 25852 --- [Task_Management_System] [restartedMain] com.zaxxer.hikari.pool.HikariPool        : HikariPool-5 - Added connection com.mysql.cj.jdbc.ConnectionImpl@14404e83
2024-09-23T02:42:54.528+05:30  INFO 25852 --- [Task_Management_System] [restartedMain] com.zaxxer.hikari.HikariDataSource       : HikariPool-5 - Start completed.
2024-09-23T02:42:54.604+05:30  INFO 25852 --- [Task_Management_System] [restartedMain] o.h.e.t.j.p.i.JtaPlatformInitiator       : HHH000489: No JTA platform available (set 'hibernate.transaction.jta.platform' to enable JTA platform integration)
2024-09-23T02:42:54.634+05:30  INFO 25852 --- [Task_Management_System] [restartedMain] j.LocalContainerEntityManagerFactoryBean : Initialized JPA EntityManagerFactory for persistence unit 'default'
2024-09-23T02:42:54.712+05:30  INFO 25852 --- [Task_Management_System] [restartedMain] r$InitializeUserDetailsManagerConfigurer : Global AuthenticationManager configured with UserDetailsService bean with name userDetailsService
2024-09-23T02:42:54.761+05:30  WARN 25852 --- [Task_Management_System] [restartedMain] JpaBaseConfiguration$JpaWebConfiguration : spring.jpa.open-in-view is enabled by default. Therefore, database queries may be performed during view rendering. Explicitly configure spring.jpa.open-in-view to disable this warning
2024-09-23T02:42:54.918+05:30  INFO 25852 --- [Task_Management_System] [restartedMain] o.s.b.d.a.OptionalLiveReloadServer       : LiveReload server is running on port 35729
2024-09-23T02:42:54.945+05:30  INFO 25852 --- [Task_Management_System] [restartedMain] o.s.b.w.embedded.tomcat.TomcatWebServer  : Tomcat started on port 8080 (http) with context path '/'
2024-09-23T02:42:54.951+05:30  INFO 25852 --- [Task_Management_System] [restartedMain] c.T.TaskManagementSystemApplication      : Started TaskManagementSystemApplication in 1.187 seconds (process running for 161.544)
2024-09-23T02:42:54.954+05:30  INFO 25852 --- [Task_Management_System] [restartedMain] .ConditionEvaluationDeltaLoggingListener : Condition evaluation unchanged
2024-09-23T02:44:16.383+05:30  INFO 25852 --- [Task_Management_System] [File Watcher] rtingClassPathChangeChangedEventListener : Restarting due to 1 class path change (0 additions, 0 deletions, 1 modification)
2024-09-23T02:44:16.693+05:30  INFO 25852 --- [Task_Management_System] [Thread-19] j.LocalContainerEntityManagerFactoryBean : Closing JPA EntityManagerFactory for persistence unit 'default'
2024-09-23T02:44:16.694+05:30  INFO 25852 --- [Task_Management_System] [Thread-19] com.zaxxer.hikari.HikariDataSource       : HikariPool-5 - Shutdown initiated...
2024-09-23T02:44:16.708+05:30  INFO 25852 --- [Task_Management_System] [Thread-19] com.zaxxer.hikari.HikariDataSource       : HikariPool-5 - Shutdown completed.
2024-09-23T02:44:16.805+05:30  INFO 25852 --- [Task_Management_System] [restartedMain] c.T.TaskManagementSystemApplication      : Starting TaskManagementSystemApplication using Java 17.0.7 with PID 25852 (C:\Users\SIDDHANT\rucha_java_workspace\Task_Management_System\target\classes started by SIDDHANT in C:\Users\SIDDHANT\rucha_java_workspace\Task_Management_System)
2024-09-23T02:44:16.806+05:30 DEBUG 25852 --- [Task_Management_System] [restartedMain] c.T.TaskManagementSystemApplication      : Running with Spring Boot v3.3.3, Spring v6.1.12
2024-09-23T02:44:16.806+05:30  INFO 25852 --- [Task_Management_System] [restartedMain] c.T.TaskManagementSystemApplication      : No active profile set, falling back to 1 default profile: "default"
2024-09-23T02:44:17.029+05:30  INFO 25852 --- [Task_Management_System] [restartedMain] .s.d.r.c.RepositoryConfigurationDelegate : Bootstrapping Spring Data JPA repositories in DEFAULT mode.
2024-09-23T02:44:17.050+05:30  INFO 25852 --- [Task_Management_System] [restartedMain] .s.d.r.c.RepositoryConfigurationDelegate : Finished Spring Data repository scanning in 20 ms. Found 2 JPA repository interfaces.
2024-09-23T02:44:17.157+05:30  INFO 25852 --- [Task_Management_System] [restartedMain] o.s.b.w.embedded.tomcat.TomcatWebServer  : Tomcat initialized with port 8080 (http)
2024-09-23T02:44:17.158+05:30  INFO 25852 --- [Task_Management_System] [restartedMain] o.apache.catalina.core.StandardService   : Starting service [Tomcat]
2024-09-23T02:44:17.158+05:30  INFO 25852 --- [Task_Management_System] [restartedMain] o.apache.catalina.core.StandardEngine    : Starting Servlet engine: [Apache Tomcat/10.1.28]
2024-09-23T02:44:17.188+05:30  INFO 25852 --- [Task_Management_System] [restartedMain] o.a.c.c.C.[Tomcat].[localhost].[/]       : Initializing Spring embedded WebApplicationContext
2024-09-23T02:44:17.188+05:30  INFO 25852 --- [Task_Management_System] [restartedMain] w.s.c.ServletWebServerApplicationContext : Root WebApplicationContext: initialization completed in 381 ms
2024-09-23T02:44:17.432+05:30 DEBUG 25852 --- [Task_Management_System] [restartedMain] c.T.jwt.JWTAuthenticationFilter          : Filter 'JWTAuthenticationFilter' configured for use
2024-09-23T02:44:17.459+05:30  INFO 25852 --- [Task_Management_System] [restartedMain] o.hibernate.jpa.internal.util.LogHelper  : HHH000204: Processing PersistenceUnitInfo [name: default]
2024-09-23T02:44:17.466+05:30  INFO 25852 --- [Task_Management_System] [restartedMain] o.h.c.internal.RegionFactoryInitiator    : HHH000026: Second-level cache disabled
2024-09-23T02:44:17.479+05:30  INFO 25852 --- [Task_Management_System] [restartedMain] o.s.o.j.p.SpringPersistenceUnitInfo      : No LoadTimeWeaver setup: ignoring JPA class transformer
2024-09-23T02:44:17.481+05:30  INFO 25852 --- [Task_Management_System] [restartedMain] com.zaxxer.hikari.HikariDataSource       : HikariPool-6 - Starting...
2024-09-23T02:44:17.503+05:30  INFO 25852 --- [Task_Management_System] [restartedMain] com.zaxxer.hikari.pool.HikariPool        : HikariPool-6 - Added connection com.mysql.cj.jdbc.ConnectionImpl@228f389b
2024-09-23T02:44:17.503+05:30  INFO 25852 --- [Task_Management_System] [restartedMain] com.zaxxer.hikari.HikariDataSource       : HikariPool-6 - Start completed.
2024-09-23T02:44:17.572+05:30  INFO 25852 --- [Task_Management_System] [restartedMain] o.h.e.t.j.p.i.JtaPlatformInitiator       : HHH000489: No JTA platform available (set 'hibernate.transaction.jta.platform' to enable JTA platform integration)
2024-09-23T02:44:17.609+05:30  INFO 25852 --- [Task_Management_System] [restartedMain] j.LocalContainerEntityManagerFactoryBean : Initialized JPA EntityManagerFactory for persistence unit 'default'
2024-09-23T02:44:17.700+05:30  INFO 25852 --- [Task_Management_System] [restartedMain] r$InitializeUserDetailsManagerConfigurer : Global AuthenticationManager configured with UserDetailsService bean with name userDetailsService
2024-09-23T02:44:17.769+05:30  WARN 25852 --- [Task_Management_System] [restartedMain] JpaBaseConfiguration$JpaWebConfiguration : spring.jpa.open-in-view is enabled by default. Therefore, database queries may be performed during view rendering. Explicitly configure spring.jpa.open-in-view to disable this warning
2024-09-23T02:44:17.966+05:30  INFO 25852 --- [Task_Management_System] [restartedMain] o.s.b.d.a.OptionalLiveReloadServer       : LiveReload server is running on port 35729
2024-09-23T02:44:17.983+05:30  INFO 25852 --- [Task_Management_System] [restartedMain] o.s.b.w.embedded.tomcat.TomcatWebServer  : Tomcat started on port 8080 (http) with context path '/'
2024-09-23T02:44:17.988+05:30  INFO 25852 --- [Task_Management_System] [restartedMain] c.T.TaskManagementSystemApplication      : Started TaskManagementSystemApplication in 1.22 seconds (process running for 244.581)
2024-09-23T02:44:17.989+05:30  INFO 25852 --- [Task_Management_System] [restartedMain] .ConditionEvaluationDeltaLoggingListener : Condition evaluation unchanged
2024-09-23T02:45:29.328+05:30  INFO 25852 --- [Task_Management_System] [http-nio-8080-exec-2] o.a.c.c.C.[Tomcat].[localhost].[/]       : Initializing Spring DispatcherServlet 'dispatcherServlet'
2024-09-23T02:45:29.332+05:30  INFO 25852 --- [Task_Management_System] [http-nio-8080-exec-2] o.s.web.servlet.DispatcherServlet        : Initializing Servlet 'dispatcherServlet'
2024-09-23T02:45:29.336+05:30  INFO 25852 --- [Task_Management_System] [http-nio-8080-exec-2] o.s.web.servlet.DispatcherServlet        : Completed initialization in 2 ms
2024-09-23T02:45:29.383+05:30  INFO 25852 --- [Task_Management_System] [http-nio-8080-exec-2] c.T.jwt.JWTAuthenticationFilter          : Header :  Bearer eyJhbGciOiJIUzUxMiJ9.eyJzdWIiOiJhZG1pbiIsImlhdCI6MTcyNzAxNDU2NywiZXhwIjoxNzI3MDMyNTY3fQ.aKUfLmRDdUD0uLWkEgnPBpRE6mSAUyV5Ip9kFeiovOV_y6aienkHp-q0fhsKruu-5JszltxrwWwO4W8jD8hGug
2024-09-23T02:45:29.501+05:30  INFO 25852 --- [Task_Management_System] [http-nio-8080-exec-2] c.T.jwt.JWTAuthenticationFilter          : Given jwt token is expired !!
2024-09-23T02:45:36.282+05:30  INFO 25852 --- [Task_Management_System] [http-nio-8080-exec-3] c.T.jwt.JWTAuthenticationFilter          : Header :  Basic YWRtaW46YWRtaW4=
2024-09-23T02:45:36.282+05:30  INFO 25852 --- [Task_Management_System] [http-nio-8080-exec-3] c.T.jwt.JWTAuthenticationFilter          : Invalid Header Value !! 
2024-09-23T02:46:04.625+05:30  INFO 25852 --- [Task_Management_System] [http-nio-8080-exec-4] c.T.jwt.JWTAuthenticationFilter          : Header :  Bearer eyJhbGciOiJIUzUxMiJ9.eyJzdWIiOiJhZG1pbiIsImlhdCI6MTcyNzAzOTczNiwiZXhwIjoxNzI3MDU3NzM2fQ.f0pcI8vDrqKn2VJIVXZt2CwOBTSh6YS8tDZ4e_BJf2xfiz_0_OTgJtIxLLB5ZB6gkANw8YJ1Nh-ZX6lUR0chQw
2024-09-23T02:46:04.673+05:30  WARN 25852 --- [Task_Management_System] [http-nio-8080-exec-4] .w.s.m.s.DefaultHandlerExceptionResolver : Resolved [org.springframework.http.converter.HttpMessageNotReadableException: JSON parse error: Cannot deserialize value of type `java.util.ArrayList<com.Task_Management_System.model.Employee>` from Object value (token `JsonToken.START_OBJECT`)]
2024-09-23T02:46:17.404+05:30  INFO 25852 --- [Task_Management_System] [http-nio-8080-exec-5] c.T.jwt.JWTAuthenticationFilter          : Header :  Bearer eyJhbGciOiJIUzUxMiJ9.eyJzdWIiOiJhZG1pbiIsImlhdCI6MTcyNzAxMzE4MSwiZXhwIjoxNzI3MDMxMTgxfQ.MrhcRZRPK3oRdMmTEZ87MCAkKMwvDnBXZ9kvU3qHYHTljzCFQ7jmLlFIBTvEmxw704Jxwyr3g01Tr5i0FnwjzA
2024-09-23T02:46:17.404+05:30  INFO 25852 --- [Task_Management_System] [http-nio-8080-exec-5] c.T.jwt.JWTAuthenticationFilter          : Given jwt token is expired !!
2024-09-23T02:46:28.347+05:30  INFO 25852 --- [Task_Management_System] [http-nio-8080-exec-6] c.T.jwt.JWTAuthenticationFilter          : Header :  Bearer eyJhbGciOiJIUzUxMiJ9.eyJzdWIiOiJhZG1pbiIsImlhdCI6MTcyNzAzOTczNiwiZXhwIjoxNzI3MDU3NzM2fQ.f0pcI8vDrqKn2VJIVXZt2CwOBTSh6YS8tDZ4e_BJf2xfiz_0_OTgJtIxLLB5ZB6gkANw8YJ1Nh-ZX6lUR0chQw
2024-09-23T02:46:28.432+05:30  INFO 25852 --- [Task_Management_System] [http-nio-8080-exec-6] c.T.service.EmployeeServiceImpl          : Creating employee: com.Task_Management_System.model.Employee@21509de5
2024-09-23T02:46:33.222+05:30  INFO 25852 --- [Task_Management_System] [http-nio-8080-exec-7] c.T.jwt.JWTAuthenticationFilter          : Header :  Bearer eyJhbGciOiJIUzUxMiJ9.eyJzdWIiOiJhZG1pbiIsImlhdCI6MTcyNzAzOTczNiwiZXhwIjoxNzI3MDU3NzM2fQ.f0pcI8vDrqKn2VJIVXZt2CwOBTSh6YS8tDZ4e_BJf2xfiz_0_OTgJtIxLLB5ZB6gkANw8YJ1Nh-ZX6lUR0chQw
2024-09-23T02:46:33.238+05:30  INFO 25852 --- [Task_Management_System] [http-nio-8080-exec-7] c.T.service.EmployeeServiceImpl          : Creating employee: com.Task_Management_System.model.Employee@18b48098
2024-09-23T02:46:53.954+05:30  INFO 25852 --- [Task_Management_System] [http-nio-8080-exec-8] c.T.jwt.JWTAuthenticationFilter          : Header :  Bearer eyJhbGciOiJIUzUxMiJ9.eyJzdWIiOiJhZG1pbiIsImlhdCI6MTcyNzAzOTczNiwiZXhwIjoxNzI3MDU3NzM2fQ.f0pcI8vDrqKn2VJIVXZt2CwOBTSh6YS8tDZ4e_BJf2xfiz_0_OTgJtIxLLB5ZB6gkANw8YJ1Nh-ZX6lUR0chQw
2024-09-23T02:46:53.964+05:30  WARN 25852 --- [Task_Management_System] [http-nio-8080-exec-8] .w.s.m.s.DefaultHandlerExceptionResolver : Resolved [org.springframework.http.converter.HttpMessageNotReadableException: JSON parse error: Cannot deserialize value of type `java.util.ArrayList<com.Task_Management_System.model.Task>` from Integer value (token `JsonToken.VALUE_NUMBER_INT`)]
2024-09-23T02:47:09.080+05:30  INFO 25852 --- [Task_Management_System] [http-nio-8080-exec-9] c.T.jwt.JWTAuthenticationFilter          : Header :  Bearer eyJhbGciOiJIUzUxMiJ9.eyJzdWIiOiJhZG1pbiIsImlhdCI6MTcyNzAzOTczNiwiZXhwIjoxNzI3MDU3NzM2fQ.f0pcI8vDrqKn2VJIVXZt2CwOBTSh6YS8tDZ4e_BJf2xfiz_0_OTgJtIxLLB5ZB6gkANw8YJ1Nh-ZX6lUR0chQw
2024-09-23T02:47:09.096+05:30  INFO 25852 --- [Task_Management_System] [http-nio-8080-exec-9] c.T.service.EmployeeServiceImpl          : Creating employee: com.Task_Management_System.model.Employee@4ae7102f
2024-09-23T02:47:19.082+05:30  INFO 25852 --- [Task_Management_System] [http-nio-8080-exec-10] c.T.jwt.JWTAuthenticationFilter          : Header :  Bearer eyJhbGciOiJIUzUxMiJ9.eyJzdWIiOiJhZG1pbiIsImlhdCI6MTcyNzAwNzA0MCwiZXhwIjoxNzI3MDI1MDQwfQ.hAR7HVOLx1xmRr5fTWT0aAuPvTVnXtRfVwLGQ_OQ9FW4J-LI4MPFBQTFA2PecxB4OFdrABIWmcVd9XBAsTxVJA
2024-09-23T02:47:19.084+05:30  INFO 25852 --- [Task_Management_System] [http-nio-8080-exec-10] c.T.jwt.JWTAuthenticationFilter          : Given jwt token is expired !!
2024-09-23T02:47:44.113+05:30  INFO 25852 --- [Task_Management_System] [http-nio-8080-exec-1] c.T.jwt.JWTAuthenticationFilter          : Header :  Bearer eyJhbGciOiJIUzUxMiJ9.eyJzdWIiOiJhZG1pbiIsImlhdCI6MTcyNzAzOTczNiwiZXhwIjoxNzI3MDU3NzM2fQ.f0pcI8vDrqKn2VJIVXZt2CwOBTSh6YS8tDZ4e_BJf2xfiz_0_OTgJtIxLLB5ZB6gkANw8YJ1Nh-ZX6lUR0chQw
2024-09-23T02:47:44.129+05:30  INFO 25852 --- [Task_Management_System] [http-nio-8080-exec-1] c.T.service.EmployeeServiceImpl          : Fetching all employees
2024-09-23T02:48:22.283+05:30  INFO 25852 --- [Task_Management_System] [http-nio-8080-exec-2] c.T.jwt.JWTAuthenticationFilter          : Header :  Bearer eyJhbGciOiJIUzUxMiJ9.eyJzdWIiOiJhZG1pbiIsImlhdCI6MTcyNzAxMTQ1MywiZXhwIjoxNzI3MDI5NDUzfQ.vckizcOJepQXZ0gbcyOAN1AdaJhiR5kYdl2t9n4ItrHZow0gn8B0Z20UBrGk9ILiw4Gx10R2zvG6HHXT2Cw5CA
2024-09-23T02:48:22.283+05:30  INFO 25852 --- [Task_Management_System] [http-nio-8080-exec-2] c.T.jwt.JWTAuthenticationFilter          : Given jwt token is expired !!
2024-09-23T02:48:44.462+05:30  INFO 25852 --- [Task_Management_System] [http-nio-8080-exec-3] c.T.jwt.JWTAuthenticationFilter          : Header :  Bearer eyJhbGciOiJIUzUxMiJ9.eyJzdWIiOiJhZG1pbiIsImlhdCI6MTcyNzAzOTczNiwiZXhwIjoxNzI3MDU3NzM2fQ.f0pcI8vDrqKn2VJIVXZt2CwOBTSh6YS8tDZ4e_BJf2xfiz_0_OTgJtIxLLB5ZB6gkANw8YJ1Nh-ZX6lUR0chQw
2024-09-23T02:48:44.474+05:30  INFO 25852 --- [Task_Management_System] [http-nio-8080-exec-3] c.T.controller.TaskController            : Received request to get all tasks
2024-09-23T02:48:44.475+05:30  INFO 25852 --- [Task_Management_System] [http-nio-8080-exec-3] c.T.service.TaskServiceImpl              : Fetching all tasks
2024-09-23T02:51:19.365+05:30  INFO 25852 --- [Task_Management_System] [http-nio-8080-exec-6] c.T.jwt.JWTAuthenticationFilter          : Header :  Bearer eyJhbGciOiJIUzUxMiJ9.eyJzdWIiOiJhZG1pbiIsImlhdCI6MTcyNzAzOTczNiwiZXhwIjoxNzI3MDU3NzM2fQ.f0pcI8vDrqKn2VJIVXZt2CwOBTSh6YS8tDZ4e_BJf2xfiz_0_OTgJtIxLLB5ZB6gkANw8YJ1Nh-ZX6lUR0chQw
2024-09-23T02:51:19.387+05:30  INFO 25852 --- [Task_Management_System] [http-nio-8080-exec-6] c.T.controller.TaskController            : Received request to create a new task
2024-09-23T02:51:19.389+05:30  INFO 25852 --- [Task_Management_System] [http-nio-8080-exec-6] c.T.service.TaskServiceImpl              : Creating new task with title: {}Task-2
2024-09-23T02:52:44.335+05:30  INFO 25852 --- [Task_Management_System] [http-nio-8080-exec-8] c.T.jwt.JWTAuthenticationFilter          : Header :  Bearer eyJhbGciOiJIUzUxMiJ9.eyJzdWIiOiJhZG1pbiIsImlhdCI6MTcyNzAxMDkzNywiZXhwIjoxNzI3MDI4OTM3fQ.5IB8aBrujkdB5qaJSaoRVusOTMIzHwPcCbdR_DRUys18ZXJ7L_wwJ4on6VBzweHxMHJgy6YMLFUVYpi2A-21ng
2024-09-23T02:52:44.339+05:30  INFO 25852 --- [Task_Management_System] [http-nio-8080-exec-8] c.T.jwt.JWTAuthenticationFilter          : Given jwt token is expired !!
2024-09-23T02:53:07.320+05:30  INFO 25852 --- [Task_Management_System] [http-nio-8080-exec-10] c.T.jwt.JWTAuthenticationFilter          : Header :  Bearer eyJhbGciOiJIUzUxMiJ9.eyJzdWIiOiJhZG1pbiIsImlhdCI6MTcyNzAzOTczNiwiZXhwIjoxNzI3MDU3NzM2fQ.f0pcI8vDrqKn2VJIVXZt2CwOBTSh6YS8tDZ4e_BJf2xfiz_0_OTgJtIxLLB5ZB6gkANw8YJ1Nh-ZX6lUR0chQw
2024-09-23T02:53:07.328+05:30  WARN 25852 --- [Task_Management_System] [http-nio-8080-exec-10] .w.s.m.s.DefaultHandlerExceptionResolver : Resolved [org.springframework.http.converter.HttpMessageNotReadableException: JSON parse error: Cannot deserialize value of type `java.util.ArrayList<com.Task_Management_System.model.Task>` from Integer value (token `JsonToken.VALUE_NUMBER_INT`)]
2024-09-23T02:53:49.950+05:30  INFO 25852 --- [Task_Management_System] [http-nio-8080-exec-1] c.T.jwt.JWTAuthenticationFilter          : Header :  Bearer eyJhbGciOiJIUzUxMiJ9.eyJzdWIiOiJhZG1pbiIsImlhdCI6MTcyNzAwNzA0MCwiZXhwIjoxNzI3MDI1MDQwfQ.hAR7HVOLx1xmRr5fTWT0aAuPvTVnXtRfVwLGQ_OQ9FW4J-LI4MPFBQTFA2PecxB4OFdrABIWmcVd9XBAsTxVJA
2024-09-23T02:53:49.950+05:30  INFO 25852 --- [Task_Management_System] [http-nio-8080-exec-1] c.T.jwt.JWTAuthenticationFilter          : Given jwt token is expired !!
2024-09-23T02:54:03.652+05:30  INFO 25852 --- [Task_Management_System] [http-nio-8080-exec-2] c.T.jwt.JWTAuthenticationFilter          : Header :  Bearer eyJhbGciOiJIUzUxMiJ9.eyJzdWIiOiJhZG1pbiIsImlhdCI6MTcyNzAzOTczNiwiZXhwIjoxNzI3MDU3NzM2fQ.f0pcI8vDrqKn2VJIVXZt2CwOBTSh6YS8tDZ4e_BJf2xfiz_0_OTgJtIxLLB5ZB6gkANw8YJ1Nh-ZX6lUR0chQw
2024-09-23T02:54:03.665+05:30  INFO 25852 --- [Task_Management_System] [http-nio-8080-exec-2] c.T.service.EmployeeServiceImpl          : Updating employee with ID: 2
2024-09-23T02:54:12.614+05:30  INFO 25852 --- [Task_Management_System] [http-nio-8080-exec-3] c.T.jwt.JWTAuthenticationFilter          : Header :  Bearer eyJhbGciOiJIUzUxMiJ9.eyJzdWIiOiJhZG1pbiIsImlhdCI6MTcyNzAzOTczNiwiZXhwIjoxNzI3MDU3NzM2fQ.f0pcI8vDrqKn2VJIVXZt2CwOBTSh6YS8tDZ4e_BJf2xfiz_0_OTgJtIxLLB5ZB6gkANw8YJ1Nh-ZX6lUR0chQw
2024-09-23T02:54:12.660+05:30  WARN 25852 --- [Task_Management_System] [http-nio-8080-exec-3] .w.s.m.s.DefaultHandlerExceptionResolver : Resolved [org.springframework.http.converter.HttpMessageNotReadableException: JSON parse error: Cannot deserialize value of type `java.util.ArrayList<com.Task_Management_System.model.Task>` from Integer value (token `JsonToken.VALUE_NUMBER_INT`)]
2024-09-23T02:57:15.909+05:30  INFO 25852 --- [Task_Management_System] [RMI TCP Connection(19)-127.0.0.1] inMXBeanRegistrar$SpringApplicationAdmin : Application shutdown requested.
2024-09-23T02:57:16.150+05:30  INFO 25852 --- [Task_Management_System] [RMI TCP Connection(19)-127.0.0.1] j.LocalContainerEntityManagerFactoryBean : Closing JPA EntityManagerFactory for persistence unit 'default'
2024-09-23T02:57:16.150+05:30  INFO 25852 --- [Task_Management_System] [RMI TCP Connection(19)-127.0.0.1] com.zaxxer.hikari.HikariDataSource       : HikariPool-6 - Shutdown initiated...
2024-09-23T02:57:16.161+05:30  INFO 25852 --- [Task_Management_System] [RMI TCP Connection(19)-127.0.0.1] com.zaxxer.hikari.HikariDataSource       : HikariPool-6 - Shutdown completed.
2024-09-23T02:57:19.921+05:30  INFO 2092 --- [Task_Management_System] [restartedMain] c.T.TaskManagementSystemApplication      : Starting TaskManagementSystemApplication using Java 17.0.7 with PID 2092 (C:\Users\SIDDHANT\rucha_java_workspace\Task_Management_System\target\classes started by SIDDHANT in C:\Users\SIDDHANT\rucha_java_workspace\Task_Management_System)
2024-09-23T02:57:19.925+05:30 DEBUG 2092 --- [Task_Management_System] [restartedMain] c.T.TaskManagementSystemApplication      : Running with Spring Boot v3.3.3, Spring v6.1.12
2024-09-23T02:57:19.926+05:30  INFO 2092 --- [Task_Management_System] [restartedMain] c.T.TaskManagementSystemApplication      : No active profile set, falling back to 1 default profile: "default"
2024-09-23T02:57:20.000+05:30  INFO 2092 --- [Task_Management_System] [restartedMain] .e.DevToolsPropertyDefaultsPostProcessor : Devtools property defaults active! Set 'spring.devtools.add-properties' to 'false' to disable
2024-09-23T02:57:20.001+05:30  INFO 2092 --- [Task_Management_System] [restartedMain] .e.DevToolsPropertyDefaultsPostProcessor : For additional web related logging consider setting the 'logging.level.web' property to 'DEBUG'
2024-09-23T02:57:21.117+05:30  INFO 2092 --- [Task_Management_System] [restartedMain] .s.d.r.c.RepositoryConfigurationDelegate : Bootstrapping Spring Data JPA repositories in DEFAULT mode.
2024-09-23T02:57:21.204+05:30  INFO 2092 --- [Task_Management_System] [restartedMain] .s.d.r.c.RepositoryConfigurationDelegate : Finished Spring Data repository scanning in 77 ms. Found 2 JPA repository interfaces.
2024-09-23T02:57:21.882+05:30  INFO 2092 --- [Task_Management_System] [restartedMain] o.s.b.w.embedded.tomcat.TomcatWebServer  : Tomcat initialized with port 8080 (http)
2024-09-23T02:57:21.905+05:30  INFO 2092 --- [Task_Management_System] [restartedMain] o.apache.catalina.core.StandardService   : Starting service [Tomcat]
2024-09-23T02:57:21.906+05:30  INFO 2092 --- [Task_Management_System] [restartedMain] o.apache.catalina.core.StandardEngine    : Starting Servlet engine: [Apache Tomcat/10.1.28]
2024-09-23T02:57:22.016+05:30  INFO 2092 --- [Task_Management_System] [restartedMain] o.a.c.c.C.[Tomcat].[localhost].[/]       : Initializing Spring embedded WebApplicationContext
2024-09-23T02:57:22.017+05:30  INFO 2092 --- [Task_Management_System] [restartedMain] w.s.c.ServletWebServerApplicationContext : Root WebApplicationContext: initialization completed in 2016 ms
2024-09-23T02:57:22.359+05:30 DEBUG 2092 --- [Task_Management_System] [restartedMain] c.T.jwt.JWTAuthenticationFilter          : Filter 'JWTAuthenticationFilter' configured for use
2024-09-23T02:57:22.503+05:30  INFO 2092 --- [Task_Management_System] [restartedMain] o.hibernate.jpa.internal.util.LogHelper  : HHH000204: Processing PersistenceUnitInfo [name: default]
2024-09-23T02:57:22.584+05:30  INFO 2092 --- [Task_Management_System] [restartedMain] org.hibernate.Version                    : HHH000412: Hibernate ORM core version 6.5.2.Final
2024-09-23T02:57:22.639+05:30  INFO 2092 --- [Task_Management_System] [restartedMain] o.h.c.internal.RegionFactoryInitiator    : HHH000026: Second-level cache disabled
2024-09-23T02:57:23.061+05:30  INFO 2092 --- [Task_Management_System] [restartedMain] o.s.o.j.p.SpringPersistenceUnitInfo      : No LoadTimeWeaver setup: ignoring JPA class transformer
2024-09-23T02:57:23.105+05:30  INFO 2092 --- [Task_Management_System] [restartedMain] com.zaxxer.hikari.HikariDataSource       : HikariPool-1 - Starting...
2024-09-23T02:57:23.561+05:30  INFO 2092 --- [Task_Management_System] [restartedMain] com.zaxxer.hikari.pool.HikariPool        : HikariPool-1 - Added connection com.mysql.cj.jdbc.ConnectionImpl@7233ff51
2024-09-23T02:57:23.565+05:30  INFO 2092 --- [Task_Management_System] [restartedMain] com.zaxxer.hikari.HikariDataSource       : HikariPool-1 - Start completed.
2024-09-23T02:57:25.067+05:30  INFO 2092 --- [Task_Management_System] [restartedMain] o.h.e.t.j.p.i.JtaPlatformInitiator       : HHH000489: No JTA platform available (set 'hibernate.transaction.jta.platform' to enable JTA platform integration)
2024-09-23T02:57:25.263+05:30  INFO 2092 --- [Task_Management_System] [restartedMain] j.LocalContainerEntityManagerFactoryBean : Initialized JPA EntityManagerFactory for persistence unit 'default'
2024-09-23T02:57:25.584+05:30  INFO 2092 --- [Task_Management_System] [restartedMain] r$InitializeUserDetailsManagerConfigurer : Global AuthenticationManager configured with UserDetailsService bean with name userDetailsService
2024-09-23T02:57:25.730+05:30  WARN 2092 --- [Task_Management_System] [restartedMain] JpaBaseConfiguration$JpaWebConfiguration : spring.jpa.open-in-view is enabled by default. Therefore, database queries may be performed during view rendering. Explicitly configure spring.jpa.open-in-view to disable this warning
2024-09-23T02:57:26.393+05:30  INFO 2092 --- [Task_Management_System] [restartedMain] o.s.b.d.a.OptionalLiveReloadServer       : LiveReload server is running on port 35729
2024-09-23T02:57:26.474+05:30  INFO 2092 --- [Task_Management_System] [restartedMain] o.s.b.w.embedded.tomcat.TomcatWebServer  : Tomcat started on port 8080 (http) with context path '/'
2024-09-23T02:57:26.490+05:30  INFO 2092 --- [Task_Management_System] [restartedMain] c.T.TaskManagementSystemApplication      : Started TaskManagementSystemApplication in 7.098 seconds (process running for 8.176)
2024-09-23T02:58:33.802+05:30  INFO 2092 --- [Task_Management_System] [http-nio-8080-exec-1] o.a.c.c.C.[Tomcat].[localhost].[/]       : Initializing Spring DispatcherServlet 'dispatcherServlet'
2024-09-23T02:58:33.802+05:30  INFO 2092 --- [Task_Management_System] [http-nio-8080-exec-1] o.s.web.servlet.DispatcherServlet        : Initializing Servlet 'dispatcherServlet'
2024-09-23T02:58:33.811+05:30  INFO 2092 --- [Task_Management_System] [http-nio-8080-exec-1] o.s.web.servlet.DispatcherServlet        : Completed initialization in 9 ms
2024-09-23T02:58:33.862+05:30  INFO 2092 --- [Task_Management_System] [http-nio-8080-exec-1] c.T.jwt.JWTAuthenticationFilter          : Header :  Bearer eyJhbGciOiJIUzUxMiJ9.eyJzdWIiOiJhZG1pbiIsImlhdCI6MTcyNzAzOTczNiwiZXhwIjoxNzI3MDU3NzM2fQ.f0pcI8vDrqKn2VJIVXZt2CwOBTSh6YS8tDZ4e_BJf2xfiz_0_OTgJtIxLLB5ZB6gkANw8YJ1Nh-ZX6lUR0chQw
2024-09-23T02:58:34.074+05:30  INFO 2092 --- [Task_Management_System] [http-nio-8080-exec-1] c.T.service.EmployeeServiceImpl          : Fetching all employees
2024-09-23T02:59:48.835+05:30  INFO 2092 --- [Task_Management_System] [http-nio-8080-exec-6] c.T.jwt.JWTAuthenticationFilter          : Header :  Bearer eyJhbGciOiJIUzUxMiJ9.eyJzdWIiOiJhZG1pbiIsImlhdCI6MTcyNzAzOTczNiwiZXhwIjoxNzI3MDU3NzM2fQ.f0pcI8vDrqKn2VJIVXZt2CwOBTSh6YS8tDZ4e_BJf2xfiz_0_OTgJtIxLLB5ZB6gkANw8YJ1Nh-ZX6lUR0chQw
2024-09-23T02:59:49.015+05:30  WARN 2092 --- [Task_Management_System] [http-nio-8080-exec-6] .w.s.m.s.DefaultHandlerExceptionResolver : Resolved [org.springframework.http.converter.HttpMessageNotReadableException: JSON parse error: Cannot deserialize value of type `java.util.ArrayList<com.Task_Management_System.model.Task>` from Integer value (token `JsonToken.VALUE_NUMBER_INT`)]
2024-09-23T02:59:56.878+05:30  INFO 2092 --- [Task_Management_System] [http-nio-8080-exec-3] c.T.jwt.JWTAuthenticationFilter          : Header :  Bearer eyJhbGciOiJIUzUxMiJ9.eyJzdWIiOiJhZG1pbiIsImlhdCI6MTcyNzAzOTczNiwiZXhwIjoxNzI3MDU3NzM2fQ.f0pcI8vDrqKn2VJIVXZt2CwOBTSh6YS8tDZ4e_BJf2xfiz_0_OTgJtIxLLB5ZB6gkANw8YJ1Nh-ZX6lUR0chQw
2024-09-23T02:59:56.967+05:30  INFO 2092 --- [Task_Management_System] [http-nio-8080-exec-3] c.T.service.EmployeeServiceImpl          : Creating employee: com.Task_Management_System.model.Employee@306882d5
2024-09-23T03:00:09.607+05:30  INFO 2092 --- [Task_Management_System] [http-nio-8080-exec-7] c.T.jwt.JWTAuthenticationFilter          : Header :  Bearer eyJhbGciOiJIUzUxMiJ9.eyJzdWIiOiJhZG1pbiIsImlhdCI6MTcyNzAzOTczNiwiZXhwIjoxNzI3MDU3NzM2fQ.f0pcI8vDrqKn2VJIVXZt2CwOBTSh6YS8tDZ4e_BJf2xfiz_0_OTgJtIxLLB5ZB6gkANw8YJ1Nh-ZX6lUR0chQw
2024-09-23T03:00:09.621+05:30  INFO 2092 --- [Task_Management_System] [http-nio-8080-exec-7] c.T.service.EmployeeServiceImpl          : Creating employee: com.Task_Management_System.model.Employee@779cd265
2024-09-23T03:00:19.853+05:30  INFO 2092 --- [Task_Management_System] [http-nio-8080-exec-8] c.T.jwt.JWTAuthenticationFilter          : Header :  Bearer eyJhbGciOiJIUzUxMiJ9.eyJzdWIiOiJhZG1pbiIsImlhdCI6MTcyNzAzOTczNiwiZXhwIjoxNzI3MDU3NzM2fQ.f0pcI8vDrqKn2VJIVXZt2CwOBTSh6YS8tDZ4e_BJf2xfiz_0_OTgJtIxLLB5ZB6gkANw8YJ1Nh-ZX6lUR0chQw
2024-09-23T03:00:19.868+05:30  INFO 2092 --- [Task_Management_System] [http-nio-8080-exec-8] c.T.service.EmployeeServiceImpl          : Creating employee: com.Task_Management_System.model.Employee@720e8464
2024-09-23T03:00:28.069+05:30  INFO 2092 --- [Task_Management_System] [http-nio-8080-exec-9] c.T.jwt.JWTAuthenticationFilter          : Header :  Bearer eyJhbGciOiJIUzUxMiJ9.eyJzdWIiOiJhZG1pbiIsImlhdCI6MTcyNzAzOTczNiwiZXhwIjoxNzI3MDU3NzM2fQ.f0pcI8vDrqKn2VJIVXZt2CwOBTSh6YS8tDZ4e_BJf2xfiz_0_OTgJtIxLLB5ZB6gkANw8YJ1Nh-ZX6lUR0chQw
2024-09-23T03:00:28.098+05:30  INFO 2092 --- [Task_Management_System] [http-nio-8080-exec-9] c.T.service.EmployeeServiceImpl          : Creating employee: com.Task_Management_System.model.Employee@9d0a731
2024-09-23T03:00:44.292+05:30  INFO 2092 --- [Task_Management_System] [http-nio-8080-exec-10] c.T.jwt.JWTAuthenticationFilter          : Header :  Bearer eyJhbGciOiJIUzUxMiJ9.eyJzdWIiOiJhZG1pbiIsImlhdCI6MTcyNzAzOTczNiwiZXhwIjoxNzI3MDU3NzM2fQ.f0pcI8vDrqKn2VJIVXZt2CwOBTSh6YS8tDZ4e_BJf2xfiz_0_OTgJtIxLLB5ZB6gkANw8YJ1Nh-ZX6lUR0chQw
2024-09-23T03:00:44.301+05:30  INFO 2092 --- [Task_Management_System] [http-nio-8080-exec-10] c.T.service.EmployeeServiceImpl          : Fetching all employees
2024-09-23T03:04:11.015+05:30  INFO 2092 --- [Task_Management_System] [http-nio-8080-exec-4] c.T.jwt.JWTAuthenticationFilter          : Header :  Bearer eyJhbGciOiJIUzUxMiJ9.eyJzdWIiOiJhZG1pbiIsImlhdCI6MTcyNzAzOTczNiwiZXhwIjoxNzI3MDU3NzM2fQ.f0pcI8vDrqKn2VJIVXZt2CwOBTSh6YS8tDZ4e_BJf2xfiz_0_OTgJtIxLLB5ZB6gkANw8YJ1Nh-ZX6lUR0chQw
2024-09-23T03:04:11.036+05:30  WARN 2092 --- [Task_Management_System] [http-nio-8080-exec-4] .w.s.m.s.DefaultHandlerExceptionResolver : Resolved [org.springframework.http.converter.HttpMessageNotReadableException: JSON parse error: Cannot deserialize value of type `java.util.ArrayList<com.Task_Management_System.model.Task>` from Integer value (token `JsonToken.VALUE_NUMBER_INT`)]
2024-09-23T03:04:49.832+05:30  INFO 2092 --- [Task_Management_System] [http-nio-8080-exec-5] c.T.jwt.JWTAuthenticationFilter          : Header :  Bearer eyJhbGciOiJIUzUxMiJ9.eyJzdWIiOiJhZG1pbiIsImlhdCI6MTcyNzAzOTczNiwiZXhwIjoxNzI3MDU3NzM2fQ.f0pcI8vDrqKn2VJIVXZt2CwOBTSh6YS8tDZ4e_BJf2xfiz_0_OTgJtIxLLB5ZB6gkANw8YJ1Nh-ZX6lUR0chQw
2024-09-23T03:04:49.855+05:30  INFO 2092 --- [Task_Management_System] [http-nio-8080-exec-5] c.T.controller.TaskController            : Received request to create a new task
2024-09-23T03:04:49.855+05:30  INFO 2092 --- [Task_Management_System] [http-nio-8080-exec-5] c.T.service.TaskServiceImpl              : Creating new task with title: {}Task-1
2024-09-23T03:05:08.187+05:30  INFO 2092 --- [Task_Management_System] [http-nio-8080-exec-6] c.T.jwt.JWTAuthenticationFilter          : Header :  Bearer eyJhbGciOiJIUzUxMiJ9.eyJzdWIiOiJhZG1pbiIsImlhdCI6MTcyNzAzOTczNiwiZXhwIjoxNzI3MDU3NzM2fQ.f0pcI8vDrqKn2VJIVXZt2CwOBTSh6YS8tDZ4e_BJf2xfiz_0_OTgJtIxLLB5ZB6gkANw8YJ1Nh-ZX6lUR0chQw
2024-09-23T03:05:08.203+05:30  INFO 2092 --- [Task_Management_System] [http-nio-8080-exec-6] c.T.controller.TaskController            : Received request to get all tasks
2024-09-23T03:05:08.203+05:30  INFO 2092 --- [Task_Management_System] [http-nio-8080-exec-6] c.T.service.TaskServiceImpl              : Fetching all tasks
2024-09-23T03:05:08.254+05:30  WARN 2092 --- [Task_Management_System] [http-nio-8080-exec-6] .w.s.m.s.DefaultHandlerExceptionResolver : Ignoring exception, response committed already: org.springframework.http.converter.HttpMessageNotWritableException: Could not write JSON: Document nesting depth (1001) exceeds the maximum allowed (1000, from `StreamWriteConstraints.getMaxNestingDepth()`)
2024-09-23T03:05:08.260+05:30  WARN 2092 --- [Task_Management_System] [http-nio-8080-exec-6] .w.s.m.s.DefaultHandlerExceptionResolver : Resolved [org.springframework.http.converter.HttpMessageNotWritableException: Could not write JSON: Document nesting depth (1001) exceeds the maximum allowed (1000, from `StreamWriteConstraints.getMaxNestingDepth()`)]
2024-09-23T03:05:29.807+05:30  INFO 2092 --- [Task_Management_System] [http-nio-8080-exec-3] c.T.jwt.JWTAuthenticationFilter          : Header :  Bearer eyJhbGciOiJIUzUxMiJ9.eyJzdWIiOiJhZG1pbiIsImlhdCI6MTcyNzAzOTczNiwiZXhwIjoxNzI3MDU3NzM2fQ.f0pcI8vDrqKn2VJIVXZt2CwOBTSh6YS8tDZ4e_BJf2xfiz_0_OTgJtIxLLB5ZB6gkANw8YJ1Nh-ZX6lUR0chQw
2024-09-23T03:05:29.818+05:30  INFO 2092 --- [Task_Management_System] [http-nio-8080-exec-3] c.T.controller.TaskController            : Received request to get task by ID: {} 1
2024-09-23T03:05:29.818+05:30  INFO 2092 --- [Task_Management_System] [http-nio-8080-exec-3] c.T.service.TaskServiceImpl              : Fetch Task with Id: {} 1
2024-09-23T03:05:29.860+05:30  WARN 2092 --- [Task_Management_System] [http-nio-8080-exec-3] .w.s.m.s.DefaultHandlerExceptionResolver : Ignoring exception, response committed already: org.springframework.http.converter.HttpMessageNotWritableException: Could not write JSON: Document nesting depth (1001) exceeds the maximum allowed (1000, from `StreamWriteConstraints.getMaxNestingDepth()`)
2024-09-23T03:05:29.861+05:30  WARN 2092 --- [Task_Management_System] [http-nio-8080-exec-3] .w.s.m.s.DefaultHandlerExceptionResolver : Resolved [org.springframework.http.converter.HttpMessageNotWritableException: Could not write JSON: Document nesting depth (1001) exceeds the maximum allowed (1000, from `StreamWriteConstraints.getMaxNestingDepth()`)]
2024-09-23T03:07:19.438+05:30  INFO 2092 --- [Task_Management_System] [http-nio-8080-exec-9] c.T.jwt.JWTAuthenticationFilter          : Header :  Bearer eyJhbGciOiJIUzUxMiJ9.eyJzdWIiOiJhZG1pbiIsImlhdCI6MTcyNzAzOTczNiwiZXhwIjoxNzI3MDU3NzM2fQ.f0pcI8vDrqKn2VJIVXZt2CwOBTSh6YS8tDZ4e_BJf2xfiz_0_OTgJtIxLLB5ZB6gkANw8YJ1Nh-ZX6lUR0chQw
2024-09-23T03:07:19.455+05:30  INFO 2092 --- [Task_Management_System] [http-nio-8080-exec-9] c.T.controller.TaskController            : Received request to create a new task
2024-09-23T03:07:19.455+05:30  INFO 2092 --- [Task_Management_System] [http-nio-8080-exec-9] c.T.service.TaskServiceImpl              : Creating new task with title: {}Task-2
2024-09-23T03:08:08.244+05:30  INFO 2092 --- [Task_Management_System] [http-nio-8080-exec-10] c.T.jwt.JWTAuthenticationFilter          : Header :  Bearer eyJhbGciOiJIUzUxMiJ9.eyJzdWIiOiJhZG1pbiIsImlhdCI6MTcyNzAzOTczNiwiZXhwIjoxNzI3MDU3NzM2fQ.f0pcI8vDrqKn2VJIVXZt2CwOBTSh6YS8tDZ4e_BJf2xfiz_0_OTgJtIxLLB5ZB6gkANw8YJ1Nh-ZX6lUR0chQw
2024-09-23T03:08:08.255+05:30  INFO 2092 --- [Task_Management_System] [http-nio-8080-exec-10] c.T.controller.TaskController            : Received request to create a new task
2024-09-23T03:08:08.255+05:30  INFO 2092 --- [Task_Management_System] [http-nio-8080-exec-10] c.T.service.TaskServiceImpl              : Creating new task with title: {}Task-3
2024-09-23T03:08:52.749+05:30  INFO 2092 --- [Task_Management_System] [http-nio-8080-exec-2] c.T.jwt.JWTAuthenticationFilter          : Header :  Bearer eyJhbGciOiJIUzUxMiJ9.eyJzdWIiOiJhZG1pbiIsImlhdCI6MTcyNzAzOTczNiwiZXhwIjoxNzI3MDU3NzM2fQ.f0pcI8vDrqKn2VJIVXZt2CwOBTSh6YS8tDZ4e_BJf2xfiz_0_OTgJtIxLLB5ZB6gkANw8YJ1Nh-ZX6lUR0chQw
2024-09-23T03:08:52.759+05:30  INFO 2092 --- [Task_Management_System] [http-nio-8080-exec-2] c.T.controller.TaskController            : Received request to create a new task
2024-09-23T03:08:52.759+05:30  INFO 2092 --- [Task_Management_System] [http-nio-8080-exec-2] c.T.service.TaskServiceImpl              : Creating new task with title: {}Task-4
2024-09-23T03:09:10.601+05:30  INFO 2092 --- [Task_Management_System] [http-nio-8080-exec-1] c.T.jwt.JWTAuthenticationFilter          : Header :  Bearer eyJhbGciOiJIUzUxMiJ9.eyJzdWIiOiJhZG1pbiIsImlhdCI6MTcyNzAzOTczNiwiZXhwIjoxNzI3MDU3NzM2fQ.f0pcI8vDrqKn2VJIVXZt2CwOBTSh6YS8tDZ4e_BJf2xfiz_0_OTgJtIxLLB5ZB6gkANw8YJ1Nh-ZX6lUR0chQw
2024-09-23T03:09:10.610+05:30  INFO 2092 --- [Task_Management_System] [http-nio-8080-exec-1] c.T.service.EmployeeServiceImpl          : Fetching all employees
2024-09-23T03:09:10.624+05:30  WARN 2092 --- [Task_Management_System] [http-nio-8080-exec-1] .w.s.m.s.DefaultHandlerExceptionResolver : Ignoring exception, response committed already: org.springframework.http.converter.HttpMessageNotWritableException: Could not write JSON: Document nesting depth (1001) exceeds the maximum allowed (1000, from `StreamWriteConstraints.getMaxNestingDepth()`)
2024-09-23T03:09:10.624+05:30  WARN 2092 --- [Task_Management_System] [http-nio-8080-exec-1] .w.s.m.s.DefaultHandlerExceptionResolver : Resolved [org.springframework.http.converter.HttpMessageNotWritableException: Could not write JSON: Document nesting depth (1001) exceeds the maximum allowed (1000, from `StreamWriteConstraints.getMaxNestingDepth()`)]
2024-09-23T03:09:56.934+05:30  INFO 2092 --- [Task_Management_System] [http-nio-8080-exec-4] c.T.jwt.JWTAuthenticationFilter          : Header :  Bearer eyJhbGciOiJIUzUxMiJ9.eyJzdWIiOiJhZG1pbiIsImlhdCI6MTcyNzAzOTczNiwiZXhwIjoxNzI3MDU3NzM2fQ.f0pcI8vDrqKn2VJIVXZt2CwOBTSh6YS8tDZ4e_BJf2xfiz_0_OTgJtIxLLB5ZB6gkANw8YJ1Nh-ZX6lUR0chQw
2024-09-23T03:09:56.943+05:30  INFO 2092 --- [Task_Management_System] [http-nio-8080-exec-4] c.T.controller.TaskController            : Received request to get all tasks
2024-09-23T03:09:56.943+05:30  INFO 2092 --- [Task_Management_System] [http-nio-8080-exec-4] c.T.service.TaskServiceImpl              : Fetching all tasks
2024-09-23T03:09:56.967+05:30  WARN 2092 --- [Task_Management_System] [http-nio-8080-exec-4] .w.s.m.s.DefaultHandlerExceptionResolver : Ignoring exception, response committed already: org.springframework.http.converter.HttpMessageNotWritableException: Could not write JSON: Document nesting depth (1001) exceeds the maximum allowed (1000, from `StreamWriteConstraints.getMaxNestingDepth()`)
2024-09-23T03:09:56.967+05:30  WARN 2092 --- [Task_Management_System] [http-nio-8080-exec-4] .w.s.m.s.DefaultHandlerExceptionResolver : Resolved [org.springframework.http.converter.HttpMessageNotWritableException: Could not write JSON: Document nesting depth (1001) exceeds the maximum allowed (1000, from `StreamWriteConstraints.getMaxNestingDepth()`)]
2024-09-23T03:11:03.895+05:30  INFO 2092 --- [Task_Management_System] [http-nio-8080-exec-3] c.T.jwt.JWTAuthenticationFilter          : Header :  Bearer eyJhbGciOiJIUzUxMiJ9.eyJzdWIiOiJhZG1pbiIsImlhdCI6MTcyNzAzOTczNiwiZXhwIjoxNzI3MDU3NzM2fQ.f0pcI8vDrqKn2VJIVXZt2CwOBTSh6YS8tDZ4e_BJf2xfiz_0_OTgJtIxLLB5ZB6gkANw8YJ1Nh-ZX6lUR0chQw
2024-09-23T03:11:03.907+05:30  INFO 2092 --- [Task_Management_System] [http-nio-8080-exec-3] c.T.controller.TaskController            : Received request to get task by ID: {} 4
2024-09-23T03:11:03.907+05:30  INFO 2092 --- [Task_Management_System] [http-nio-8080-exec-3] c.T.service.TaskServiceImpl              : Fetch Task with Id: {} 4
2024-09-23T03:11:03.933+05:30  WARN 2092 --- [Task_Management_System] [http-nio-8080-exec-3] .w.s.m.s.DefaultHandlerExceptionResolver : Ignoring exception, response committed already: org.springframework.http.converter.HttpMessageNotWritableException: Could not write JSON: Document nesting depth (1001) exceeds the maximum allowed (1000, from `StreamWriteConstraints.getMaxNestingDepth()`)
2024-09-23T03:11:03.933+05:30  WARN 2092 --- [Task_Management_System] [http-nio-8080-exec-3] .w.s.m.s.DefaultHandlerExceptionResolver : Resolved [org.springframework.http.converter.HttpMessageNotWritableException: Could not write JSON: Document nesting depth (1001) exceeds the maximum allowed (1000, from `StreamWriteConstraints.getMaxNestingDepth()`)]
2024-09-23T03:17:16.545+05:30  INFO 2092 --- [Task_Management_System] [http-nio-8080-exec-1] c.T.jwt.JWTAuthenticationFilter          : Header :  null
2024-09-23T03:17:16.553+05:30  INFO 2092 --- [Task_Management_System] [http-nio-8080-exec-1] c.T.jwt.JWTAuthenticationFilter          : Invalid Header Value !! 
2024-09-23T03:17:16.553+05:30  INFO 2092 --- [Task_Management_System] [http-nio-8080-exec-8] c.T.jwt.JWTAuthenticationFilter          : Header :  null
2024-09-23T03:17:16.553+05:30  INFO 2092 --- [Task_Management_System] [http-nio-8080-exec-8] c.T.jwt.JWTAuthenticationFilter          : Invalid Header Value !! 
2024-09-23T03:17:16.555+05:30  INFO 2092 --- [Task_Management_System] [http-nio-8080-exec-9] c.T.jwt.JWTAuthenticationFilter          : Header :  null
2024-09-23T03:17:16.555+05:30  INFO 2092 --- [Task_Management_System] [http-nio-8080-exec-9] c.T.jwt.JWTAuthenticationFilter          : Invalid Header Value !! 
2024-09-23T03:17:16.555+05:30  INFO 2092 --- [Task_Management_System] [http-nio-8080-exec-2] c.T.jwt.JWTAuthenticationFilter          : Header :  null
2024-09-23T03:17:16.555+05:30  INFO 2092 --- [Task_Management_System] [http-nio-8080-exec-2] c.T.jwt.JWTAuthenticationFilter          : Invalid Header Value !! 
2024-09-23T03:17:16.555+05:30  INFO 2092 --- [Task_Management_System] [http-nio-8080-exec-10] c.T.jwt.JWTAuthenticationFilter          : Header :  null
2024-09-23T03:17:16.555+05:30  INFO 2092 --- [Task_Management_System] [http-nio-8080-exec-10] c.T.jwt.JWTAuthenticationFilter          : Invalid Header Value !! 
2024-09-23T03:17:19.059+05:30  INFO 2092 --- [Task_Management_System] [http-nio-8080-exec-4] c.T.jwt.JWTAuthenticationFilter          : Header :  null
2024-09-23T03:17:19.067+05:30  INFO 2092 --- [Task_Management_System] [http-nio-8080-exec-4] c.T.jwt.JWTAuthenticationFilter          : Invalid Header Value !! 
2024-09-23T03:17:25.402+05:30  INFO 2092 --- [Task_Management_System] [http-nio-8080-exec-5] c.T.jwt.JWTAuthenticationFilter          : Header :  null
2024-09-23T03:17:25.402+05:30  INFO 2092 --- [Task_Management_System] [http-nio-8080-exec-5] c.T.jwt.JWTAuthenticationFilter          : Invalid Header Value !! 
2024-09-23T03:17:32.211+05:30  INFO 2092 --- [Task_Management_System] [http-nio-8080-exec-9] c.T.jwt.JWTAuthenticationFilter          : Header :  null
2024-09-23T03:17:32.211+05:30  INFO 2092 --- [Task_Management_System] [http-nio-8080-exec-9] c.T.jwt.JWTAuthenticationFilter          : Invalid Header Value !! 
2024-09-23T03:17:32.966+05:30  INFO 2092 --- [Task_Management_System] [http-nio-8080-exec-2] c.T.jwt.JWTAuthenticationFilter          : Header :  null
2024-09-23T03:17:32.966+05:30  INFO 2092 --- [Task_Management_System] [http-nio-8080-exec-2] c.T.jwt.JWTAuthenticationFilter          : Invalid Header Value !! 
2024-09-23T03:17:33.413+05:30  INFO 2092 --- [Task_Management_System] [http-nio-8080-exec-10] c.T.jwt.JWTAuthenticationFilter          : Header :  null
2024-09-23T03:17:33.413+05:30  INFO 2092 --- [Task_Management_System] [http-nio-8080-exec-10] c.T.jwt.JWTAuthenticationFilter          : Invalid Header Value !! 
2024-09-23T03:17:33.882+05:30  INFO 2092 --- [Task_Management_System] [http-nio-8080-exec-4] c.T.jwt.JWTAuthenticationFilter          : Header :  null
2024-09-23T03:17:33.882+05:30  INFO 2092 --- [Task_Management_System] [http-nio-8080-exec-4] c.T.jwt.JWTAuthenticationFilter          : Invalid Header Value !! 
2024-09-23T03:17:34.191+05:30  INFO 2092 --- [Task_Management_System] [http-nio-8080-exec-5] c.T.jwt.JWTAuthenticationFilter          : Header :  null
2024-09-23T03:17:34.191+05:30  INFO 2092 --- [Task_Management_System] [http-nio-8080-exec-5] c.T.jwt.JWTAuthenticationFilter          : Invalid Header Value !! 
2024-09-23T03:17:34.466+05:30  INFO 2092 --- [Task_Management_System] [http-nio-8080-exec-6] c.T.jwt.JWTAuthenticationFilter          : Header :  null
2024-09-23T03:17:34.467+05:30  INFO 2092 --- [Task_Management_System] [http-nio-8080-exec-6] c.T.jwt.JWTAuthenticationFilter          : Invalid Header Value !! 
2024-09-23T03:17:34.763+05:30  INFO 2092 --- [Task_Management_System] [http-nio-8080-exec-3] c.T.jwt.JWTAuthenticationFilter          : Header :  null
2024-09-23T03:17:34.763+05:30  INFO 2092 --- [Task_Management_System] [http-nio-8080-exec-3] c.T.jwt.JWTAuthenticationFilter          : Invalid Header Value !! 
2024-09-23T03:17:34.977+05:30  INFO 2092 --- [Task_Management_System] [http-nio-8080-exec-7] c.T.jwt.JWTAuthenticationFilter          : Header :  null
2024-09-23T03:17:34.977+05:30  INFO 2092 --- [Task_Management_System] [http-nio-8080-exec-7] c.T.jwt.JWTAuthenticationFilter          : Invalid Header Value !! 
2024-09-23T03:17:51.392+05:30  INFO 2092 --- [Task_Management_System] [http-nio-8080-exec-9] c.T.jwt.JWTAuthenticationFilter          : Header :  null
2024-09-23T03:17:51.393+05:30  INFO 2092 --- [Task_Management_System] [http-nio-8080-exec-9] c.T.jwt.JWTAuthenticationFilter          : Invalid Header Value !! 
2024-09-23T03:18:57.500+05:30  INFO 2092 --- [Task_Management_System] [http-nio-8080-exec-5] c.T.jwt.JWTAuthenticationFilter          : Header :  Bearer eyJhbGciOiJIUzUxMiJ9.eyJzdWIiOiJhZG1pbiIsImlhdCI6MTcyNzAzOTczNiwiZXhwIjoxNzI3MDU3NzM2fQ.f0pcI8vDrqKn2VJIVXZt2CwOBTSh6YS8tDZ4e_BJf2xfiz_0_OTgJtIxLLB5ZB6gkANw8YJ1Nh-ZX6lUR0chQw
2024-09-23T03:19:10.487+05:30  INFO 2092 --- [Task_Management_System] [http-nio-8080-exec-6] c.T.jwt.JWTAuthenticationFilter          : Header :  null
2024-09-23T03:19:10.487+05:30  INFO 2092 --- [Task_Management_System] [http-nio-8080-exec-6] c.T.jwt.JWTAuthenticationFilter          : Invalid Header Value !! 
2024-09-23T03:19:11.675+05:30  INFO 2092 --- [Task_Management_System] [http-nio-8080-exec-3] c.T.jwt.JWTAuthenticationFilter          : Header :  null
2024-09-23T03:19:11.675+05:30  INFO 2092 --- [Task_Management_System] [http-nio-8080-exec-3] c.T.jwt.JWTAuthenticationFilter          : Invalid Header Value !! 
2024-09-23T03:19:17.791+05:30  INFO 2092 --- [Task_Management_System] [http-nio-8080-exec-1] c.T.jwt.JWTAuthenticationFilter          : Header :  null
2024-09-23T03:19:17.791+05:30  INFO 2092 --- [Task_Management_System] [http-nio-8080-exec-1] c.T.jwt.JWTAuthenticationFilter          : Invalid Header Value !! 
2024-09-23T03:20:01.662+05:30  INFO 2092 --- [Task_Management_System] [http-nio-8080-exec-4] c.T.jwt.JWTAuthenticationFilter          : Header :  null
2024-09-23T03:20:01.662+05:30  INFO 2092 --- [Task_Management_System] [http-nio-8080-exec-4] c.T.jwt.JWTAuthenticationFilter          : Invalid Header Value !! 
2024-09-23T03:20:03.300+05:30  INFO 2092 --- [Task_Management_System] [http-nio-8080-exec-5] c.T.jwt.JWTAuthenticationFilter          : Header :  null
2024-09-23T03:20:03.304+05:30  INFO 2092 --- [Task_Management_System] [http-nio-8080-exec-5] c.T.jwt.JWTAuthenticationFilter          : Invalid Header Value !! 
2024-09-23T03:20:05.558+05:30  INFO 2092 --- [Task_Management_System] [http-nio-8080-exec-6] c.T.jwt.JWTAuthenticationFilter          : Header :  null
2024-09-23T03:20:05.558+05:30  INFO 2092 --- [Task_Management_System] [http-nio-8080-exec-6] c.T.jwt.JWTAuthenticationFilter          : Invalid Header Value !! 
2024-09-23T03:20:08.783+05:30  INFO 2092 --- [Task_Management_System] [http-nio-8080-exec-7] c.T.jwt.JWTAuthenticationFilter          : Header :  null
2024-09-23T03:20:08.783+05:30  INFO 2092 --- [Task_Management_System] [http-nio-8080-exec-7] c.T.jwt.JWTAuthenticationFilter          : Invalid Header Value !! 
2024-09-23T03:20:12.761+05:30  INFO 2092 --- [Task_Management_System] [http-nio-8080-exec-1] c.T.jwt.JWTAuthenticationFilter          : Header :  null
2024-09-23T03:20:12.761+05:30  INFO 2092 --- [Task_Management_System] [http-nio-8080-exec-1] c.T.jwt.JWTAuthenticationFilter          : Invalid Header Value !! 
2024-09-23T03:20:22.773+05:30  INFO 2092 --- [Task_Management_System] [http-nio-8080-exec-10] c.T.jwt.JWTAuthenticationFilter          : Header :  null
2024-09-23T03:20:22.773+05:30  INFO 2092 --- [Task_Management_System] [http-nio-8080-exec-10] c.T.jwt.JWTAuthenticationFilter          : Invalid Header Value !! 
2024-09-23T03:20:26.081+05:30  INFO 2092 --- [Task_Management_System] [http-nio-8080-exec-9] c.T.jwt.JWTAuthenticationFilter          : Header :  null
2024-09-23T03:20:26.082+05:30  INFO 2092 --- [Task_Management_System] [http-nio-8080-exec-9] c.T.jwt.JWTAuthenticationFilter          : Invalid Header Value !! 
2024-09-23T03:21:14.004+05:30  INFO 2092 --- [Task_Management_System] [http-nio-8080-exec-6] c.T.jwt.JWTAuthenticationFilter          : Header :  Bearer eyJhbGciOiJIUzUxMiJ9.eyJzdWIiOiJhZG1pbiIsImlhdCI6MTcyNzAzOTczNiwiZXhwIjoxNzI3MDU3NzM2fQ.f0pcI8vDrqKn2VJIVXZt2CwOBTSh6YS8tDZ4e_BJf2xfiz_0_OTgJtIxLLB5ZB6gkANw8YJ1Nh-ZX6lUR0chQw]]]]
2024-09-23T14:06:24.309+05:30  WARN 2092 --- [Task_Management_System] [HikariPool-1 housekeeper] com.zaxxer.hikari.pool.HikariPool        : HikariPool-1 - Thread starvation or clock leap detected (housekeeper delta=10h31m35s344ms228µs500ns).
2024-09-23T14:12:10.057+05:30  INFO 2092 --- [Task_Management_System] [http-nio-8080-exec-8] c.T.jwt.JWTAuthenticationFilter          : Header :  null
2024-09-23T14:12:10.057+05:30  INFO 2092 --- [Task_Management_System] [http-nio-8080-exec-8] c.T.jwt.JWTAuthenticationFilter          : Invalid Header Value !! 
2024-09-23T14:12:10.064+05:30  INFO 2092 --- [Task_Management_System] [http-nio-8080-exec-8] c.T.jwt.JWTAuthenticationFilter          : Header :  null
2024-09-23T14:12:10.066+05:30  INFO 2092 --- [Task_Management_System] [http-nio-8080-exec-8] c.T.jwt.JWTAuthenticationFilter          : Invalid Header Value !! 
2024-09-23T14:12:10.074+05:30  INFO 2092 --- [Task_Management_System] [http-nio-8080-exec-8] c.T.jwt.JWTAuthenticationFilter          : Header :  null
2024-09-23T14:12:10.074+05:30  INFO 2092 --- [Task_Management_System] [http-nio-8080-exec-8] c.T.jwt.JWTAuthenticationFilter          : Invalid Header Value !! 
2024-09-23T14:12:10.077+05:30  INFO 2092 --- [Task_Management_System] [http-nio-8080-exec-8] c.T.jwt.JWTAuthenticationFilter          : Header :  null
2024-09-23T14:12:10.077+05:30  INFO 2092 --- [Task_Management_System] [http-nio-8080-exec-8] c.T.jwt.JWTAuthenticationFilter          : Invalid Header Value !! 
2024-09-23T14:12:10.081+05:30  INFO 2092 --- [Task_Management_System] [http-nio-8080-exec-8] c.T.jwt.JWTAuthenticationFilter          : Header :  null
2024-09-23T14:12:10.081+05:30  INFO 2092 --- [Task_Management_System] [http-nio-8080-exec-8] c.T.jwt.JWTAuthenticationFilter          : Invalid Header Value !! 
2024-09-23T14:12:10.117+05:30  INFO 2092 --- [Task_Management_System] [http-nio-8080-exec-2] c.T.jwt.JWTAuthenticationFilter          : Header :  null
2024-09-23T14:12:10.118+05:30  INFO 2092 --- [Task_Management_System] [http-nio-8080-exec-2] c.T.jwt.JWTAuthenticationFilter          : Invalid Header Value !! 
2024-09-23T14:12:10.131+05:30  INFO 2092 --- [Task_Management_System] [http-nio-8080-exec-4] c.T.jwt.JWTAuthenticationFilter          : Header :  null
2024-09-23T14:12:10.131+05:30  INFO 2092 --- [Task_Management_System] [http-nio-8080-exec-4] c.T.jwt.JWTAuthenticationFilter          : Invalid Header Value !! 
2024-09-23T14:12:17.251+05:30  INFO 2092 --- [Task_Management_System] [http-nio-8080-exec-1] c.T.jwt.JWTAuthenticationFilter          : Header :  null
2024-09-23T14:12:17.251+05:30  INFO 2092 --- [Task_Management_System] [http-nio-8080-exec-1] c.T.jwt.JWTAuthenticationFilter          : Invalid Header Value !! 
2024-09-23T14:34:49.690+05:30  WARN 2092 --- [Task_Management_System] [HikariPool-1 housekeeper] com.zaxxer.hikari.pool.HikariPool        : HikariPool-1 - Thread starvation or clock leap detected (housekeeper delta=7m55s5ms702µs700ns).
2024-09-23T14:49:52.635+05:30  WARN 2092 --- [Task_Management_System] [HikariPool-1 housekeeper] com.zaxxer.hikari.pool.HikariPool        : HikariPool-1 - Thread starvation or clock leap detected (housekeeper delta=2m32s779ms871µs299ns).
2024-09-23T16:07:48.971+05:30  WARN 2092 --- [Task_Management_System] [HikariPool-1 housekeeper] com.zaxxer.hikari.pool.HikariPool        : HikariPool-1 - Thread starvation or clock leap detected (housekeeper delta=2m25s53ms608µs301ns).
2024-09-23T17:54:57.009+05:30  WARN 2092 --- [Task_Management_System] [HikariPool-1 housekeeper] com.zaxxer.hikari.pool.HikariPool        : HikariPool-1 - Thread starvation or clock leap detected (housekeeper delta=1h33m37s779ms150µs901ns).
